INFO - 2023-02-05 09:38:51 --> Session: Class initialized using 'CodeIgniter\Session\Handlers\FileHandler' driver.
INFO - 2023-02-05 09:38:54 --> Session: Class initialized using 'CodeIgniter\Session\Handlers\FileHandler' driver.
INFO - 2023-02-05 09:38:55 --> Session: Class initialized using 'CodeIgniter\Session\Handlers\FileHandler' driver.
INFO - 2023-02-05 09:38:55 --> Session: Class initialized using 'CodeIgniter\Session\Handlers\FileHandler' driver.
INFO - 2023-02-05 09:38:56 --> Session: Class initialized using 'CodeIgniter\Session\Handlers\FileHandler' driver.
INFO - 2023-02-05 09:38:56 --> Session: Class initialized using 'CodeIgniter\Session\Handlers\FileHandler' driver.
INFO - 2023-02-05 09:38:57 --> Session: Class initialized using 'CodeIgniter\Session\Handlers\FileHandler' driver.
INFO - 2023-02-05 09:38:58 --> Session: Class initialized using 'CodeIgniter\Session\Handlers\FileHandler' driver.
INFO - 2023-02-05 09:38:58 --> Session: Class initialized using 'CodeIgniter\Session\Handlers\FileHandler' driver.
INFO - 2023-02-05 09:39:01 --> Session: Class initialized using 'CodeIgniter\Session\Handlers\FileHandler' driver.
INFO - 2023-02-05 09:39:02 --> Session: Class initialized using 'CodeIgniter\Session\Handlers\FileHandler' driver.
INFO - 2023-02-05 09:40:08 --> Session: Class initialized using 'CodeIgniter\Session\Handlers\FileHandler' driver.
INFO - 2023-02-05 09:40:09 --> Session: Class initialized using 'CodeIgniter\Session\Handlers\FileHandler' driver.
INFO - 2023-02-05 09:40:09 --> Session: Class initialized using 'CodeIgniter\Session\Handlers\FileHandler' driver.
INFO - 2023-02-05 09:40:10 --> Session: Class initialized using 'CodeIgniter\Session\Handlers\FileHandler' driver.
INFO - 2023-02-05 09:40:10 --> Session: Class initialized using 'CodeIgniter\Session\Handlers\FileHandler' driver.
INFO - 2023-02-05 09:40:11 --> Session: Class initialized using 'CodeIgniter\Session\Handlers\FileHandler' driver.
INFO - 2023-02-05 09:40:17 --> Session: Class initialized using 'CodeIgniter\Session\Handlers\FileHandler' driver.
INFO - 2023-02-05 09:40:17 --> Session: Class initialized using 'CodeIgniter\Session\Handlers\FileHandler' driver.
INFO - 2023-02-05 09:45:42 --> Session: Class initialized using 'CodeIgniter\Session\Handlers\FileHandler' driver.
INFO - 2023-02-05 09:45:42 --> Session: Class initialized using 'CodeIgniter\Session\Handlers\FileHandler' driver.
INFO - 2023-02-05 09:45:44 --> Session: Class initialized using 'CodeIgniter\Session\Handlers\FileHandler' driver.
INFO - 2023-02-05 09:45:44 --> Session: Class initialized using 'CodeIgniter\Session\Handlers\FileHandler' driver.
INFO - 2023-02-05 09:45:45 --> Session: Class initialized using 'CodeIgniter\Session\Handlers\FileHandler' driver.
INFO - 2023-02-05 09:45:45 --> Session: Class initialized using 'CodeIgniter\Session\Handlers\FileHandler' driver.
INFO - 2023-02-05 09:45:47 --> Session: Class initialized using 'CodeIgniter\Session\Handlers\FileHandler' driver.
INFO - 2023-02-05 09:45:49 --> Session: Class initialized using 'CodeIgniter\Session\Handlers\FileHandler' driver.
INFO - 2023-02-05 09:46:17 --> Session: Class initialized using 'CodeIgniter\Session\Handlers\FileHandler' driver.
INFO - 2023-02-05 09:46:19 --> Session: Class initialized using 'CodeIgniter\Session\Handlers\FileHandler' driver.
INFO - 2023-02-05 09:46:19 --> Session: Class initialized using 'CodeIgniter\Session\Handlers\FileHandler' driver.
INFO - 2023-02-05 09:46:21 --> Session: Class initialized using 'CodeIgniter\Session\Handlers\FileHandler' driver.
INFO - 2023-02-05 09:46:22 --> Session: Class initialized using 'CodeIgniter\Session\Handlers\FileHandler' driver.
INFO - 2023-02-05 09:46:22 --> Session: Class initialized using 'CodeIgniter\Session\Handlers\FileHandler' driver.
INFO - 2023-02-05 09:46:53 --> Session: Class initialized using 'CodeIgniter\Session\Handlers\FileHandler' driver.
INFO - 2023-02-05 09:46:55 --> Session: Class initialized using 'CodeIgniter\Session\Handlers\FileHandler' driver.
INFO - 2023-02-05 09:46:55 --> Session: Class initialized using 'CodeIgniter\Session\Handlers\FileHandler' driver.
INFO - 2023-02-05 09:46:59 --> Session: Class initialized using 'CodeIgniter\Session\Handlers\FileHandler' driver.
INFO - 2023-02-05 09:47:00 --> Session: Class initialized using 'CodeIgniter\Session\Handlers\FileHandler' driver.
INFO - 2023-02-05 09:47:01 --> Session: Class initialized using 'CodeIgniter\Session\Handlers\FileHandler' driver.
INFO - 2023-02-05 09:47:15 --> Session: Class initialized using 'CodeIgniter\Session\Handlers\FileHandler' driver.
INFO - 2023-02-05 09:47:16 --> Session: Class initialized using 'CodeIgniter\Session\Handlers\FileHandler' driver.
INFO - 2023-02-05 09:47:17 --> Session: Class initialized using 'CodeIgniter\Session\Handlers\FileHandler' driver.
INFO - 2023-02-05 09:47:19 --> Session: Class initialized using 'CodeIgniter\Session\Handlers\FileHandler' driver.
ERROR - 2023-02-05 09:47:19 --> mysqli_sql_exception: Unknown column 'alamat_agen' in 'where clause' in D:\WEBSITE\tms_logicrew\vendor\codeigniter4\framework\system\Database\MySQLi\Connection.php:295
Stack trace:
#0 D:\WEBSITE\tms_logicrew\vendor\codeigniter4\framework\system\Database\MySQLi\Connection.php(295): mysqli->query('SELECT *\nFROM `...', 0)
#1 D:\WEBSITE\tms_logicrew\vendor\codeigniter4\framework\system\Database\BaseConnection.php(691): CodeIgniter\Database\MySQLi\Connection->execute('SELECT *\nFROM `...')
#2 D:\WEBSITE\tms_logicrew\vendor\codeigniter4\framework\system\Database\BaseConnection.php(605): CodeIgniter\Database\BaseConnection->simpleQuery('SELECT *\nFROM `...')
#3 D:\WEBSITE\tms_logicrew\vendor\codeigniter4\framework\system\Database\BaseBuilder.php(1602): CodeIgniter\Database\BaseConnection->query('SELECT *\nFROM `...', Array, false)
#4 D:\WEBSITE\tms_logicrew\app\Models\MCustomer.php(57): CodeIgniter\Database\BaseBuilder->get()
#5 D:\WEBSITE\tms_logicrew\app\Controllers\CSellerList.php(74): App\Models\MCustomer->getDatatables('Seller')
#6 D:\WEBSITE\tms_logicrew\vendor\codeigniter4\framework\system\CodeIgniter.php(934): App\Controllers\CSellerList->dataAjax()
#7 D:\WEBSITE\tms_logicrew\vendor\codeigniter4\framework\system\CodeIgniter.php(499): CodeIgniter\CodeIgniter->runController(Object(App\Controllers\CSellerList))
#8 D:\WEBSITE\tms_logicrew\vendor\codeigniter4\framework\system\CodeIgniter.php(368): CodeIgniter\CodeIgniter->handleRequest(NULL, Object(Config\Cache), false)
#9 D:\WEBSITE\tms_logicrew\public\index.php(67): CodeIgniter\CodeIgniter->run()
#10 D:\WEBSITE\tms_logicrew\vendor\codeigniter4\framework\system\Commands\Server\rewrite.php(47): require_once('D:\\WEBSITE\\tms_...')
#11 {main}
CRITICAL - 2023-02-05 09:47:19 --> Unknown column 'alamat_agen' in 'where clause'
in SYSTEMPATH\Database\BaseConnection.php on line 645.
 1 SYSTEMPATH\Database\BaseBuilder.php(1602): CodeIgniter\Database\BaseConnection->query('SELECT *
FROM `tbl_customer`
WHERE   (
`nama_customer` LIKE :nama_customer: ESCAPE \'!\'
OR  `alamat_agen` LIKE :alamat_agen: ESCAPE \'!\'
OR  `phone` LIKE :phone: ESCAPE \'!\'
OR  `pic_name` LIKE :pic_name: ESCAPE \'!\'
 )
AND `desc` = :desc:
ORDER BY `created_at` DESC
 LIMIT 10', [...], false)
 2 APPPATH\Models\MCustomer.php(57): CodeIgniter\Database\BaseBuilder->get()
 3 APPPATH\Controllers\CSellerList.php(74): App\Models\MCustomer->getDatatables('Seller')
 4 SYSTEMPATH\CodeIgniter.php(934): App\Controllers\CSellerList->dataAjax()
 5 SYSTEMPATH\CodeIgniter.php(499): CodeIgniter\CodeIgniter->runController(Object(App\Controllers\CSellerList))
 6 SYSTEMPATH\CodeIgniter.php(368): CodeIgniter\CodeIgniter->handleRequest(null, Object(Config\Cache), false)
 7 FCPATH\index.php(67): CodeIgniter\CodeIgniter->run()
 8 SYSTEMPATH\Commands\Server\rewrite.php(47): require_once('FCPATH\\index.php')
INFO - 2023-02-05 09:47:26 --> Session: Class initialized using 'CodeIgniter\Session\Handlers\FileHandler' driver.
INFO - 2023-02-05 09:47:29 --> Session: Class initialized using 'CodeIgniter\Session\Handlers\FileHandler' driver.
INFO - 2023-02-05 09:47:30 --> Session: Class initialized using 'CodeIgniter\Session\Handlers\FileHandler' driver.
INFO - 2023-02-05 09:47:31 --> Session: Class initialized using 'CodeIgniter\Session\Handlers\FileHandler' driver.
ERROR - 2023-02-05 09:47:31 --> mysqli_sql_exception: Unknown column 'alamat_agen' in 'where clause' in D:\WEBSITE\tms_logicrew\vendor\codeigniter4\framework\system\Database\MySQLi\Connection.php:295
Stack trace:
#0 D:\WEBSITE\tms_logicrew\vendor\codeigniter4\framework\system\Database\MySQLi\Connection.php(295): mysqli->query('SELECT *\nFROM `...', 0)
#1 D:\WEBSITE\tms_logicrew\vendor\codeigniter4\framework\system\Database\BaseConnection.php(691): CodeIgniter\Database\MySQLi\Connection->execute('SELECT *\nFROM `...')
#2 D:\WEBSITE\tms_logicrew\vendor\codeigniter4\framework\system\Database\BaseConnection.php(605): CodeIgniter\Database\BaseConnection->simpleQuery('SELECT *\nFROM `...')
#3 D:\WEBSITE\tms_logicrew\vendor\codeigniter4\framework\system\Database\BaseBuilder.php(1602): CodeIgniter\Database\BaseConnection->query('SELECT *\nFROM `...', Array, false)
#4 D:\WEBSITE\tms_logicrew\app\Models\MCustomer.php(57): CodeIgniter\Database\BaseBuilder->get()
#5 D:\WEBSITE\tms_logicrew\app\Controllers\CWarehouseList.php(74): App\Models\MCustomer->getDatatables('Warehouse')
#6 D:\WEBSITE\tms_logicrew\vendor\codeigniter4\framework\system\CodeIgniter.php(934): App\Controllers\CWarehouseList->dataAjax()
#7 D:\WEBSITE\tms_logicrew\vendor\codeigniter4\framework\system\CodeIgniter.php(499): CodeIgniter\CodeIgniter->runController(Object(App\Controllers\CWarehouseList))
#8 D:\WEBSITE\tms_logicrew\vendor\codeigniter4\framework\system\CodeIgniter.php(368): CodeIgniter\CodeIgniter->handleRequest(NULL, Object(Config\Cache), false)
#9 D:\WEBSITE\tms_logicrew\public\index.php(67): CodeIgniter\CodeIgniter->run()
#10 D:\WEBSITE\tms_logicrew\vendor\codeigniter4\framework\system\Commands\Server\rewrite.php(47): require_once('D:\\WEBSITE\\tms_...')
#11 {main}
CRITICAL - 2023-02-05 09:47:31 --> Unknown column 'alamat_agen' in 'where clause'
in SYSTEMPATH\Database\BaseConnection.php on line 645.
 1 SYSTEMPATH\Database\BaseBuilder.php(1602): CodeIgniter\Database\BaseConnection->query('SELECT *
FROM `tbl_customer`
WHERE   (
`nama_customer` LIKE :nama_customer: ESCAPE \'!\'
OR  `alamat_agen` LIKE :alamat_agen: ESCAPE \'!\'
OR  `phone` LIKE :phone: ESCAPE \'!\'
OR  `pic_name` LIKE :pic_name: ESCAPE \'!\'
 )
AND `desc` = :desc:
ORDER BY `created_at` DESC
 LIMIT 10', [...], false)
 2 APPPATH\Models\MCustomer.php(57): CodeIgniter\Database\BaseBuilder->get()
 3 APPPATH\Controllers\CWarehouseList.php(74): App\Models\MCustomer->getDatatables('Warehouse')
 4 SYSTEMPATH\CodeIgniter.php(934): App\Controllers\CWarehouseList->dataAjax()
 5 SYSTEMPATH\CodeIgniter.php(499): CodeIgniter\CodeIgniter->runController(Object(App\Controllers\CWarehouseList))
 6 SYSTEMPATH\CodeIgniter.php(368): CodeIgniter\CodeIgniter->handleRequest(null, Object(Config\Cache), false)
 7 FCPATH\index.php(67): CodeIgniter\CodeIgniter->run()
 8 SYSTEMPATH\Commands\Server\rewrite.php(47): require_once('FCPATH\\index.php')
INFO - 2023-02-05 09:47:32 --> Session: Class initialized using 'CodeIgniter\Session\Handlers\FileHandler' driver.
ERROR - 2023-02-05 09:47:32 --> mysqli_sql_exception: Unknown column 'alamat_agen' in 'where clause' in D:\WEBSITE\tms_logicrew\vendor\codeigniter4\framework\system\Database\MySQLi\Connection.php:295
Stack trace:
#0 D:\WEBSITE\tms_logicrew\vendor\codeigniter4\framework\system\Database\MySQLi\Connection.php(295): mysqli->query('SELECT *\nFROM `...', 0)
#1 D:\WEBSITE\tms_logicrew\vendor\codeigniter4\framework\system\Database\BaseConnection.php(691): CodeIgniter\Database\MySQLi\Connection->execute('SELECT *\nFROM `...')
#2 D:\WEBSITE\tms_logicrew\vendor\codeigniter4\framework\system\Database\BaseConnection.php(605): CodeIgniter\Database\BaseConnection->simpleQuery('SELECT *\nFROM `...')
#3 D:\WEBSITE\tms_logicrew\vendor\codeigniter4\framework\system\Database\BaseBuilder.php(1602): CodeIgniter\Database\BaseConnection->query('SELECT *\nFROM `...', Array, false)
#4 D:\WEBSITE\tms_logicrew\app\Models\MCustomer.php(57): CodeIgniter\Database\BaseBuilder->get()
#5 D:\WEBSITE\tms_logicrew\app\Controllers\CWarehouseList.php(74): App\Models\MCustomer->getDatatables('Warehouse')
#6 D:\WEBSITE\tms_logicrew\vendor\codeigniter4\framework\system\CodeIgniter.php(934): App\Controllers\CWarehouseList->dataAjax()
#7 D:\WEBSITE\tms_logicrew\vendor\codeigniter4\framework\system\CodeIgniter.php(499): CodeIgniter\CodeIgniter->runController(Object(App\Controllers\CWarehouseList))
#8 D:\WEBSITE\tms_logicrew\vendor\codeigniter4\framework\system\CodeIgniter.php(368): CodeIgniter\CodeIgniter->handleRequest(NULL, Object(Config\Cache), false)
#9 D:\WEBSITE\tms_logicrew\public\index.php(67): CodeIgniter\CodeIgniter->run()
#10 D:\WEBSITE\tms_logicrew\vendor\codeigniter4\framework\system\Commands\Server\rewrite.php(47): require_once('D:\\WEBSITE\\tms_...')
#11 {main}
CRITICAL - 2023-02-05 09:47:32 --> Unknown column 'alamat_agen' in 'where clause'
in SYSTEMPATH\Database\BaseConnection.php on line 645.
 1 SYSTEMPATH\Database\BaseBuilder.php(1602): CodeIgniter\Database\BaseConnection->query('SELECT *
FROM `tbl_customer`
WHERE   (
`nama_customer` LIKE :nama_customer: ESCAPE \'!\'
OR  `alamat_agen` LIKE :alamat_agen: ESCAPE \'!\'
OR  `phone` LIKE :phone: ESCAPE \'!\'
OR  `pic_name` LIKE :pic_name: ESCAPE \'!\'
 )
AND `desc` = :desc:
ORDER BY `created_at` DESC
 LIMIT 10', [...], false)
 2 APPPATH\Models\MCustomer.php(57): CodeIgniter\Database\BaseBuilder->get()
 3 APPPATH\Controllers\CWarehouseList.php(74): App\Models\MCustomer->getDatatables('Warehouse')
 4 SYSTEMPATH\CodeIgniter.php(934): App\Controllers\CWarehouseList->dataAjax()
 5 SYSTEMPATH\CodeIgniter.php(499): CodeIgniter\CodeIgniter->runController(Object(App\Controllers\CWarehouseList))
 6 SYSTEMPATH\CodeIgniter.php(368): CodeIgniter\CodeIgniter->handleRequest(null, Object(Config\Cache), false)
 7 FCPATH\index.php(67): CodeIgniter\CodeIgniter->run()
 8 SYSTEMPATH\Commands\Server\rewrite.php(47): require_once('FCPATH\\index.php')
INFO - 2023-02-05 09:47:35 --> Session: Class initialized using 'CodeIgniter\Session\Handlers\FileHandler' driver.
ERROR - 2023-02-05 09:47:35 --> mysqli_sql_exception: Unknown column 'alamat_agen' in 'where clause' in D:\WEBSITE\tms_logicrew\vendor\codeigniter4\framework\system\Database\MySQLi\Connection.php:295
Stack trace:
#0 D:\WEBSITE\tms_logicrew\vendor\codeigniter4\framework\system\Database\MySQLi\Connection.php(295): mysqli->query('SELECT *\nFROM `...', 0)
#1 D:\WEBSITE\tms_logicrew\vendor\codeigniter4\framework\system\Database\BaseConnection.php(691): CodeIgniter\Database\MySQLi\Connection->execute('SELECT *\nFROM `...')
#2 D:\WEBSITE\tms_logicrew\vendor\codeigniter4\framework\system\Database\BaseConnection.php(605): CodeIgniter\Database\BaseConnection->simpleQuery('SELECT *\nFROM `...')
#3 D:\WEBSITE\tms_logicrew\vendor\codeigniter4\framework\system\Database\BaseBuilder.php(1602): CodeIgniter\Database\BaseConnection->query('SELECT *\nFROM `...', Array, false)
#4 D:\WEBSITE\tms_logicrew\app\Models\MCustomer.php(57): CodeIgniter\Database\BaseBuilder->get()
#5 D:\WEBSITE\tms_logicrew\app\Controllers\CWarehouseList.php(74): App\Models\MCustomer->getDatatables('Warehouse')
#6 D:\WEBSITE\tms_logicrew\vendor\codeigniter4\framework\system\CodeIgniter.php(934): App\Controllers\CWarehouseList->dataAjax()
#7 D:\WEBSITE\tms_logicrew\vendor\codeigniter4\framework\system\CodeIgniter.php(499): CodeIgniter\CodeIgniter->runController(Object(App\Controllers\CWarehouseList))
#8 D:\WEBSITE\tms_logicrew\vendor\codeigniter4\framework\system\CodeIgniter.php(368): CodeIgniter\CodeIgniter->handleRequest(NULL, Object(Config\Cache), false)
#9 D:\WEBSITE\tms_logicrew\public\index.php(67): CodeIgniter\CodeIgniter->run()
#10 D:\WEBSITE\tms_logicrew\vendor\codeigniter4\framework\system\Commands\Server\rewrite.php(47): require_once('D:\\WEBSITE\\tms_...')
#11 {main}
CRITICAL - 2023-02-05 09:47:35 --> Unknown column 'alamat_agen' in 'where clause'
in SYSTEMPATH\Database\BaseConnection.php on line 645.
 1 SYSTEMPATH\Database\BaseBuilder.php(1602): CodeIgniter\Database\BaseConnection->query('SELECT *
FROM `tbl_customer`
WHERE   (
`nama_customer` LIKE :nama_customer: ESCAPE \'!\'
OR  `alamat_agen` LIKE :alamat_agen: ESCAPE \'!\'
OR  `phone` LIKE :phone: ESCAPE \'!\'
OR  `pic_name` LIKE :pic_name: ESCAPE \'!\'
 )
AND `desc` = :desc:
ORDER BY `created_at` DESC
 LIMIT 10', [...], false)
 2 APPPATH\Models\MCustomer.php(57): CodeIgniter\Database\BaseBuilder->get()
 3 APPPATH\Controllers\CWarehouseList.php(74): App\Models\MCustomer->getDatatables('Warehouse')
 4 SYSTEMPATH\CodeIgniter.php(934): App\Controllers\CWarehouseList->dataAjax()
 5 SYSTEMPATH\CodeIgniter.php(499): CodeIgniter\CodeIgniter->runController(Object(App\Controllers\CWarehouseList))
 6 SYSTEMPATH\CodeIgniter.php(368): CodeIgniter\CodeIgniter->handleRequest(null, Object(Config\Cache), false)
 7 FCPATH\index.php(67): CodeIgniter\CodeIgniter->run()
 8 SYSTEMPATH\Commands\Server\rewrite.php(47): require_once('FCPATH\\index.php')
INFO - 2023-02-05 09:47:38 --> Session: Class initialized using 'CodeIgniter\Session\Handlers\FileHandler' driver.
ERROR - 2023-02-05 09:47:38 --> mysqli_sql_exception: Unknown column 'alamat_agen' in 'where clause' in D:\WEBSITE\tms_logicrew\vendor\codeigniter4\framework\system\Database\MySQLi\Connection.php:295
Stack trace:
#0 D:\WEBSITE\tms_logicrew\vendor\codeigniter4\framework\system\Database\MySQLi\Connection.php(295): mysqli->query('SELECT *\nFROM `...', 0)
#1 D:\WEBSITE\tms_logicrew\vendor\codeigniter4\framework\system\Database\BaseConnection.php(691): CodeIgniter\Database\MySQLi\Connection->execute('SELECT *\nFROM `...')
#2 D:\WEBSITE\tms_logicrew\vendor\codeigniter4\framework\system\Database\BaseConnection.php(605): CodeIgniter\Database\BaseConnection->simpleQuery('SELECT *\nFROM `...')
#3 D:\WEBSITE\tms_logicrew\vendor\codeigniter4\framework\system\Database\BaseBuilder.php(1602): CodeIgniter\Database\BaseConnection->query('SELECT *\nFROM `...', Array, false)
#4 D:\WEBSITE\tms_logicrew\app\Models\MCustomer.php(57): CodeIgniter\Database\BaseBuilder->get()
#5 D:\WEBSITE\tms_logicrew\app\Controllers\CWarehouseList.php(74): App\Models\MCustomer->getDatatables('Warehouse')
#6 D:\WEBSITE\tms_logicrew\vendor\codeigniter4\framework\system\CodeIgniter.php(934): App\Controllers\CWarehouseList->dataAjax()
#7 D:\WEBSITE\tms_logicrew\vendor\codeigniter4\framework\system\CodeIgniter.php(499): CodeIgniter\CodeIgniter->runController(Object(App\Controllers\CWarehouseList))
#8 D:\WEBSITE\tms_logicrew\vendor\codeigniter4\framework\system\CodeIgniter.php(368): CodeIgniter\CodeIgniter->handleRequest(NULL, Object(Config\Cache), false)
#9 D:\WEBSITE\tms_logicrew\public\index.php(67): CodeIgniter\CodeIgniter->run()
#10 D:\WEBSITE\tms_logicrew\vendor\codeigniter4\framework\system\Commands\Server\rewrite.php(47): require_once('D:\\WEBSITE\\tms_...')
#11 {main}
CRITICAL - 2023-02-05 09:47:38 --> Unknown column 'alamat_agen' in 'where clause'
in SYSTEMPATH\Database\BaseConnection.php on line 645.
 1 SYSTEMPATH\Database\BaseBuilder.php(1602): CodeIgniter\Database\BaseConnection->query('SELECT *
FROM `tbl_customer`
WHERE   (
`nama_customer` LIKE :nama_customer: ESCAPE \'!\'
OR  `alamat_agen` LIKE :alamat_agen: ESCAPE \'!\'
OR  `phone` LIKE :phone: ESCAPE \'!\'
OR  `pic_name` LIKE :pic_name: ESCAPE \'!\'
 )
AND `desc` = :desc:
ORDER BY `created_at` DESC
 LIMIT 10', [...], false)
 2 APPPATH\Models\MCustomer.php(57): CodeIgniter\Database\BaseBuilder->get()
 3 APPPATH\Controllers\CWarehouseList.php(74): App\Models\MCustomer->getDatatables('Warehouse')
 4 SYSTEMPATH\CodeIgniter.php(934): App\Controllers\CWarehouseList->dataAjax()
 5 SYSTEMPATH\CodeIgniter.php(499): CodeIgniter\CodeIgniter->runController(Object(App\Controllers\CWarehouseList))
 6 SYSTEMPATH\CodeIgniter.php(368): CodeIgniter\CodeIgniter->handleRequest(null, Object(Config\Cache), false)
 7 FCPATH\index.php(67): CodeIgniter\CodeIgniter->run()
 8 SYSTEMPATH\Commands\Server\rewrite.php(47): require_once('FCPATH\\index.php')
INFO - 2023-02-05 09:47:42 --> Session: Class initialized using 'CodeIgniter\Session\Handlers\FileHandler' driver.
ERROR - 2023-02-05 09:47:42 --> mysqli_sql_exception: Unknown column 'alamat_agen' in 'where clause' in D:\WEBSITE\tms_logicrew\vendor\codeigniter4\framework\system\Database\MySQLi\Connection.php:295
Stack trace:
#0 D:\WEBSITE\tms_logicrew\vendor\codeigniter4\framework\system\Database\MySQLi\Connection.php(295): mysqli->query('SELECT *\nFROM `...', 0)
#1 D:\WEBSITE\tms_logicrew\vendor\codeigniter4\framework\system\Database\BaseConnection.php(691): CodeIgniter\Database\MySQLi\Connection->execute('SELECT *\nFROM `...')
#2 D:\WEBSITE\tms_logicrew\vendor\codeigniter4\framework\system\Database\BaseConnection.php(605): CodeIgniter\Database\BaseConnection->simpleQuery('SELECT *\nFROM `...')
#3 D:\WEBSITE\tms_logicrew\vendor\codeigniter4\framework\system\Database\BaseBuilder.php(1602): CodeIgniter\Database\BaseConnection->query('SELECT *\nFROM `...', Array, false)
#4 D:\WEBSITE\tms_logicrew\app\Models\MCustomer.php(57): CodeIgniter\Database\BaseBuilder->get()
#5 D:\WEBSITE\tms_logicrew\app\Controllers\CWarehouseList.php(74): App\Models\MCustomer->getDatatables('Warehouse')
#6 D:\WEBSITE\tms_logicrew\vendor\codeigniter4\framework\system\CodeIgniter.php(934): App\Controllers\CWarehouseList->dataAjax()
#7 D:\WEBSITE\tms_logicrew\vendor\codeigniter4\framework\system\CodeIgniter.php(499): CodeIgniter\CodeIgniter->runController(Object(App\Controllers\CWarehouseList))
#8 D:\WEBSITE\tms_logicrew\vendor\codeigniter4\framework\system\CodeIgniter.php(368): CodeIgniter\CodeIgniter->handleRequest(NULL, Object(Config\Cache), false)
#9 D:\WEBSITE\tms_logicrew\public\index.php(67): CodeIgniter\CodeIgniter->run()
#10 D:\WEBSITE\tms_logicrew\vendor\codeigniter4\framework\system\Commands\Server\rewrite.php(47): require_once('D:\\WEBSITE\\tms_...')
#11 {main}
CRITICAL - 2023-02-05 09:47:42 --> Unknown column 'alamat_agen' in 'where clause'
in SYSTEMPATH\Database\BaseConnection.php on line 645.
 1 SYSTEMPATH\Database\BaseBuilder.php(1602): CodeIgniter\Database\BaseConnection->query('SELECT *
FROM `tbl_customer`
WHERE   (
`nama_customer` LIKE :nama_customer: ESCAPE \'!\'
OR  `alamat_agen` LIKE :alamat_agen: ESCAPE \'!\'
OR  `phone` LIKE :phone: ESCAPE \'!\'
OR  `pic_name` LIKE :pic_name: ESCAPE \'!\'
 )
AND `desc` = :desc:
ORDER BY `created_at` DESC
 LIMIT 10', [...], false)
 2 APPPATH\Models\MCustomer.php(57): CodeIgniter\Database\BaseBuilder->get()
 3 APPPATH\Controllers\CWarehouseList.php(74): App\Models\MCustomer->getDatatables('Warehouse')
 4 SYSTEMPATH\CodeIgniter.php(934): App\Controllers\CWarehouseList->dataAjax()
 5 SYSTEMPATH\CodeIgniter.php(499): CodeIgniter\CodeIgniter->runController(Object(App\Controllers\CWarehouseList))
 6 SYSTEMPATH\CodeIgniter.php(368): CodeIgniter\CodeIgniter->handleRequest(null, Object(Config\Cache), false)
 7 FCPATH\index.php(67): CodeIgniter\CodeIgniter->run()
 8 SYSTEMPATH\Commands\Server\rewrite.php(47): require_once('FCPATH\\index.php')
INFO - 2023-02-05 09:47:43 --> Session: Class initialized using 'CodeIgniter\Session\Handlers\FileHandler' driver.
INFO - 2023-02-05 09:47:45 --> Session: Class initialized using 'CodeIgniter\Session\Handlers\FileHandler' driver.
INFO - 2023-02-05 09:47:46 --> Session: Class initialized using 'CodeIgniter\Session\Handlers\FileHandler' driver.
INFO - 2023-02-05 09:47:49 --> Session: Class initialized using 'CodeIgniter\Session\Handlers\FileHandler' driver.
INFO - 2023-02-05 09:47:49 --> Session: Class initialized using 'CodeIgniter\Session\Handlers\FileHandler' driver.
INFO - 2023-02-05 10:16:55 --> Session: Class initialized using 'CodeIgniter\Session\Handlers\FileHandler' driver.
CRITICAL - 2023-02-05 10:16:55 --> Undefined variable $data
in APPPATH\Views\Inbound\index.php on line 22.
 1 APPPATH\Views\Inbound\index.php(22): CodeIgniter\Debug\Exceptions->errorHandler(2, 'Undefined variable $data', 'APPPATH\\Views\\Inbound\\index.php', 22)
 2 SYSTEMPATH\View\View.php(213): include('APPPATH\\Views\\Inbound\\index.php')
 3 SYSTEMPATH\View\View.php(216): CodeIgniter\View\View->CodeIgniter\View\{closure}()
 4 SYSTEMPATH\Common.php(1177): CodeIgniter\View\View->render('Inbound/index', [], true)
 5 APPPATH\Controllers\CInbound.php(18): view('Inbound/index', [...])
 6 SYSTEMPATH\CodeIgniter.php(934): App\Controllers\CInbound->index()
 7 SYSTEMPATH\CodeIgniter.php(499): CodeIgniter\CodeIgniter->runController(Object(App\Controllers\CInbound))
 8 SYSTEMPATH\CodeIgniter.php(368): CodeIgniter\CodeIgniter->handleRequest(null, Object(Config\Cache), false)
 9 FCPATH\index.php(67): CodeIgniter\CodeIgniter->run()
10 SYSTEMPATH\Commands\Server\rewrite.php(47): require_once('FCPATH\\index.php')
INFO - 2023-02-05 10:17:50 --> Session: Class initialized using 'CodeIgniter\Session\Handlers\FileHandler' driver.
CRITICAL - 2023-02-05 10:17:50 --> Undefined variable $data
in APPPATH\Views\Inbound\index.php on line 22.
 1 APPPATH\Views\Inbound\index.php(22): CodeIgniter\Debug\Exceptions->errorHandler(2, 'Undefined variable $data', 'APPPATH\\Views\\Inbound\\index.php', 22)
 2 SYSTEMPATH\View\View.php(213): include('APPPATH\\Views\\Inbound\\index.php')
 3 SYSTEMPATH\View\View.php(216): CodeIgniter\View\View->CodeIgniter\View\{closure}()
 4 SYSTEMPATH\Common.php(1177): CodeIgniter\View\View->render('Inbound/index', [], true)
 5 APPPATH\Controllers\CInbound.php(18): view('Inbound/index', [...])
 6 SYSTEMPATH\CodeIgniter.php(934): App\Controllers\CInbound->index()
 7 SYSTEMPATH\CodeIgniter.php(499): CodeIgniter\CodeIgniter->runController(Object(App\Controllers\CInbound))
 8 SYSTEMPATH\CodeIgniter.php(368): CodeIgniter\CodeIgniter->handleRequest(null, Object(Config\Cache), false)
 9 FCPATH\index.php(67): CodeIgniter\CodeIgniter->run()
10 SYSTEMPATH\Commands\Server\rewrite.php(47): require_once('FCPATH\\index.php')
INFO - 2023-02-05 10:17:52 --> Session: Class initialized using 'CodeIgniter\Session\Handlers\FileHandler' driver.
INFO - 2023-02-05 10:17:52 --> Session: Class initialized using 'CodeIgniter\Session\Handlers\FileHandler' driver.
INFO - 2023-02-05 10:17:53 --> Session: Class initialized using 'CodeIgniter\Session\Handlers\FileHandler' driver.
INFO - 2023-02-05 10:17:54 --> Session: Class initialized using 'CodeIgniter\Session\Handlers\FileHandler' driver.
INFO - 2023-02-05 10:17:55 --> Session: Class initialized using 'CodeIgniter\Session\Handlers\FileHandler' driver.
CRITICAL - 2023-02-05 10:17:55 --> Undefined variable $data
in APPPATH\Views\Inbound\index.php on line 22.
 1 APPPATH\Views\Inbound\index.php(22): CodeIgniter\Debug\Exceptions->errorHandler(2, 'Undefined variable $data', 'APPPATH\\Views\\Inbound\\index.php', 22)
 2 SYSTEMPATH\View\View.php(213): include('APPPATH\\Views\\Inbound\\index.php')
 3 SYSTEMPATH\View\View.php(216): CodeIgniter\View\View->CodeIgniter\View\{closure}()
 4 SYSTEMPATH\Common.php(1177): CodeIgniter\View\View->render('Inbound/index', [], true)
 5 APPPATH\Controllers\CInbound.php(18): view('Inbound/index', [...])
 6 SYSTEMPATH\CodeIgniter.php(934): App\Controllers\CInbound->index()
 7 SYSTEMPATH\CodeIgniter.php(499): CodeIgniter\CodeIgniter->runController(Object(App\Controllers\CInbound))
 8 SYSTEMPATH\CodeIgniter.php(368): CodeIgniter\CodeIgniter->handleRequest(null, Object(Config\Cache), false)
 9 FCPATH\index.php(67): CodeIgniter\CodeIgniter->run()
10 SYSTEMPATH\Commands\Server\rewrite.php(47): require_once('FCPATH\\index.php')
INFO - 2023-02-05 10:19:05 --> Session: Class initialized using 'CodeIgniter\Session\Handlers\FileHandler' driver.
CRITICAL - 2023-02-05 10:19:05 --> Undefined array key "search"
in APPPATH\Models\MCustomer.php on line 32.
 1 APPPATH\Models\MCustomer.php(32): CodeIgniter\Debug\Exceptions->errorHandler(2, 'Undefined array key "search"', 'APPPATH\\Models\\MCustomer.php', 32)
 2 APPPATH\Models\MCustomer.php(54): App\Models\MCustomer->getDatatablesQuery()
 3 APPPATH\Controllers\CInbound.php(20): App\Models\MCustomer->getDatatables('Warehouse')
 4 SYSTEMPATH\CodeIgniter.php(934): App\Controllers\CInbound->index()
 5 SYSTEMPATH\CodeIgniter.php(499): CodeIgniter\CodeIgniter->runController(Object(App\Controllers\CInbound))
 6 SYSTEMPATH\CodeIgniter.php(368): CodeIgniter\CodeIgniter->handleRequest(null, Object(Config\Cache), false)
 7 FCPATH\index.php(67): CodeIgniter\CodeIgniter->run()
 8 SYSTEMPATH\Commands\Server\rewrite.php(47): require_once('FCPATH\\index.php')
INFO - 2023-02-05 10:20:07 --> Session: Class initialized using 'CodeIgniter\Session\Handlers\FileHandler' driver.
INFO - 2023-02-05 10:20:08 --> Session: Class initialized using 'CodeIgniter\Session\Handlers\FileHandler' driver.
INFO - 2023-02-05 10:21:34 --> Session: Class initialized using 'CodeIgniter\Session\Handlers\FileHandler' driver.
INFO - 2023-02-05 10:21:34 --> Session: Class initialized using 'CodeIgniter\Session\Handlers\FileHandler' driver.
INFO - 2023-02-05 10:47:00 --> Session: Class initialized using 'CodeIgniter\Session\Handlers\FileHandler' driver.
INFO - 2023-02-05 10:47:01 --> Session: Class initialized using 'CodeIgniter\Session\Handlers\FileHandler' driver.
INFO - 2023-02-05 10:48:55 --> Session: Class initialized using 'CodeIgniter\Session\Handlers\FileHandler' driver.
INFO - 2023-02-05 10:48:56 --> Session: Class initialized using 'CodeIgniter\Session\Handlers\FileHandler' driver.
INFO - 2023-02-05 11:00:06 --> Session: Class initialized using 'CodeIgniter\Session\Handlers\FileHandler' driver.
INFO - 2023-02-05 11:00:07 --> Session: Class initialized using 'CodeIgniter\Session\Handlers\FileHandler' driver.
INFO - 2023-02-05 11:04:07 --> Session: Class initialized using 'CodeIgniter\Session\Handlers\FileHandler' driver.
INFO - 2023-02-05 11:04:08 --> Session: Class initialized using 'CodeIgniter\Session\Handlers\FileHandler' driver.
INFO - 2023-02-05 11:04:41 --> Session: Class initialized using 'CodeIgniter\Session\Handlers\FileHandler' driver.
INFO - 2023-02-05 11:04:42 --> Session: Class initialized using 'CodeIgniter\Session\Handlers\FileHandler' driver.
INFO - 2023-02-05 11:05:08 --> Session: Class initialized using 'CodeIgniter\Session\Handlers\FileHandler' driver.
INFO - 2023-02-05 11:05:08 --> Session: Class initialized using 'CodeIgniter\Session\Handlers\FileHandler' driver.
INFO - 2023-02-05 11:05:38 --> Session: Class initialized using 'CodeIgniter\Session\Handlers\FileHandler' driver.
INFO - 2023-02-05 11:05:38 --> Session: Class initialized using 'CodeIgniter\Session\Handlers\FileHandler' driver.
INFO - 2023-02-05 11:05:57 --> Session: Class initialized using 'CodeIgniter\Session\Handlers\FileHandler' driver.
INFO - 2023-02-05 11:05:57 --> Session: Class initialized using 'CodeIgniter\Session\Handlers\FileHandler' driver.
INFO - 2023-02-05 11:12:36 --> Session: Class initialized using 'CodeIgniter\Session\Handlers\FileHandler' driver.
INFO - 2023-02-05 11:12:37 --> Session: Class initialized using 'CodeIgniter\Session\Handlers\FileHandler' driver.
INFO - 2023-02-05 11:13:15 --> Session: Class initialized using 'CodeIgniter\Session\Handlers\FileHandler' driver.
INFO - 2023-02-05 11:13:16 --> Session: Class initialized using 'CodeIgniter\Session\Handlers\FileHandler' driver.
INFO - 2023-02-05 11:13:47 --> Session: Class initialized using 'CodeIgniter\Session\Handlers\FileHandler' driver.
INFO - 2023-02-05 11:13:48 --> Session: Class initialized using 'CodeIgniter\Session\Handlers\FileHandler' driver.
INFO - 2023-02-05 11:42:03 --> Session: Class initialized using 'CodeIgniter\Session\Handlers\FileHandler' driver.
INFO - 2023-02-05 11:42:04 --> Session: Class initialized using 'CodeIgniter\Session\Handlers\FileHandler' driver.
INFO - 2023-02-05 11:42:14 --> Session: Class initialized using 'CodeIgniter\Session\Handlers\FileHandler' driver.
ERROR - 2023-02-05 11:42:14 --> mysqli_sql_exception: You have an error in your SQL syntax; check the manual that corresponds to your MariaDB server version for the right syntax to use near ':0:
AND 1 = :1:' at line 3 in D:\WEBSITE\tms_logicrew\vendor\codeigniter4\framework\system\Database\MySQLi\Connection.php:295
Stack trace:
#0 D:\WEBSITE\tms_logicrew\vendor\codeigniter4\framework\system\Database\MySQLi\Connection.php(295): mysqli->query('SELECT *\nFROM `...', 0)
#1 D:\WEBSITE\tms_logicrew\vendor\codeigniter4\framework\system\Database\BaseConnection.php(691): CodeIgniter\Database\MySQLi\Connection->execute('SELECT *\nFROM `...')
#2 D:\WEBSITE\tms_logicrew\vendor\codeigniter4\framework\system\Database\BaseConnection.php(605): CodeIgniter\Database\BaseConnection->simpleQuery('SELECT *\nFROM `...')
#3 D:\WEBSITE\tms_logicrew\vendor\codeigniter4\framework\system\Database\BaseBuilder.php(1735): CodeIgniter\Database\BaseConnection->query('SELECT *\nFROM `...', Array, false)
#4 D:\WEBSITE\tms_logicrew\vendor\codeigniter4\framework\system\Model.php(839): CodeIgniter\Database\BaseBuilder->getWhere(Array)
#5 D:\WEBSITE\tms_logicrew\app\Controllers\CInbound.php(49): CodeIgniter\Model->__call('getWhere', Array)
#6 D:\WEBSITE\tms_logicrew\vendor\codeigniter4\framework\system\CodeIgniter.php(934): App\Controllers\CInbound->addInbound()
#7 D:\WEBSITE\tms_logicrew\vendor\codeigniter4\framework\system\CodeIgniter.php(499): CodeIgniter\CodeIgniter->runController(Object(App\Controllers\CInbound))
#8 D:\WEBSITE\tms_logicrew\vendor\codeigniter4\framework\system\CodeIgniter.php(368): CodeIgniter\CodeIgniter->handleRequest(NULL, Object(Config\Cache), false)
#9 D:\WEBSITE\tms_logicrew\public\index.php(67): CodeIgniter\CodeIgniter->run()
#10 D:\WEBSITE\tms_logicrew\vendor\codeigniter4\framework\system\Commands\Server\rewrite.php(47): require_once('D:\\WEBSITE\\tms_...')
#11 {main}
CRITICAL - 2023-02-05 11:42:14 --> You have an error in your SQL syntax; check the manual that corresponds to your MariaDB server version for the right syntax to use near ':0:
AND 1 = :1:' at line 3
in SYSTEMPATH\Database\BaseConnection.php on line 645.
 1 SYSTEMPATH\Database\BaseBuilder.php(1735): CodeIgniter\Database\BaseConnection->query('SELECT *
FROM `tbl_inbound`
WHERE 0 = :0:
AND 1 = :1:', [...], false)
 2 SYSTEMPATH\Model.php(839): CodeIgniter\Database\BaseBuilder->getWhere([...])
 3 APPPATH\Controllers\CInbound.php(49): CodeIgniter\Model->__call('getWhere', [...])
 4 SYSTEMPATH\CodeIgniter.php(934): App\Controllers\CInbound->addInbound()
 5 SYSTEMPATH\CodeIgniter.php(499): CodeIgniter\CodeIgniter->runController(Object(App\Controllers\CInbound))
 6 SYSTEMPATH\CodeIgniter.php(368): CodeIgniter\CodeIgniter->handleRequest(null, Object(Config\Cache), false)
 7 FCPATH\index.php(67): CodeIgniter\CodeIgniter->run()
 8 SYSTEMPATH\Commands\Server\rewrite.php(47): require_once('FCPATH\\index.php')
INFO - 2023-02-05 11:42:27 --> Session: Class initialized using 'CodeIgniter\Session\Handlers\FileHandler' driver.
INFO - 2023-02-05 11:42:28 --> Session: Class initialized using 'CodeIgniter\Session\Handlers\FileHandler' driver.
INFO - 2023-02-05 11:43:10 --> Session: Class initialized using 'CodeIgniter\Session\Handlers\FileHandler' driver.
INFO - 2023-02-05 11:43:12 --> Session: Class initialized using 'CodeIgniter\Session\Handlers\FileHandler' driver.
INFO - 2023-02-05 11:43:21 --> Session: Class initialized using 'CodeIgniter\Session\Handlers\FileHandler' driver.
ERROR - 2023-02-05 11:43:21 --> mysqli_sql_exception: You have an error in your SQL syntax; check the manual that corresponds to your MariaDB server version for the right syntax to use near ':0:
AND 1 = :1:' at line 3 in D:\WEBSITE\tms_logicrew\vendor\codeigniter4\framework\system\Database\MySQLi\Connection.php:295
Stack trace:
#0 D:\WEBSITE\tms_logicrew\vendor\codeigniter4\framework\system\Database\MySQLi\Connection.php(295): mysqli->query('SELECT *\nFROM `...', 0)
#1 D:\WEBSITE\tms_logicrew\vendor\codeigniter4\framework\system\Database\BaseConnection.php(691): CodeIgniter\Database\MySQLi\Connection->execute('SELECT *\nFROM `...')
#2 D:\WEBSITE\tms_logicrew\vendor\codeigniter4\framework\system\Database\BaseConnection.php(605): CodeIgniter\Database\BaseConnection->simpleQuery('SELECT *\nFROM `...')
#3 D:\WEBSITE\tms_logicrew\vendor\codeigniter4\framework\system\Database\BaseBuilder.php(1735): CodeIgniter\Database\BaseConnection->query('SELECT *\nFROM `...', Array, false)
#4 D:\WEBSITE\tms_logicrew\vendor\codeigniter4\framework\system\Model.php(839): CodeIgniter\Database\BaseBuilder->getWhere(Array)
#5 D:\WEBSITE\tms_logicrew\app\Controllers\CInbound.php(49): CodeIgniter\Model->__call('getWhere', Array)
#6 D:\WEBSITE\tms_logicrew\vendor\codeigniter4\framework\system\CodeIgniter.php(934): App\Controllers\CInbound->addInbound()
#7 D:\WEBSITE\tms_logicrew\vendor\codeigniter4\framework\system\CodeIgniter.php(499): CodeIgniter\CodeIgniter->runController(Object(App\Controllers\CInbound))
#8 D:\WEBSITE\tms_logicrew\vendor\codeigniter4\framework\system\CodeIgniter.php(368): CodeIgniter\CodeIgniter->handleRequest(NULL, Object(Config\Cache), false)
#9 D:\WEBSITE\tms_logicrew\public\index.php(67): CodeIgniter\CodeIgniter->run()
#10 D:\WEBSITE\tms_logicrew\vendor\codeigniter4\framework\system\Commands\Server\rewrite.php(47): require_once('D:\\WEBSITE\\tms_...')
#11 {main}
CRITICAL - 2023-02-05 11:43:21 --> You have an error in your SQL syntax; check the manual that corresponds to your MariaDB server version for the right syntax to use near ':0:
AND 1 = :1:' at line 3
in SYSTEMPATH\Database\BaseConnection.php on line 645.
 1 SYSTEMPATH\Database\BaseBuilder.php(1735): CodeIgniter\Database\BaseConnection->query('SELECT *
FROM `tbl_inbound`
WHERE 0 = :0:
AND 1 = :1:', [...], false)
 2 SYSTEMPATH\Model.php(839): CodeIgniter\Database\BaseBuilder->getWhere([...])
 3 APPPATH\Controllers\CInbound.php(49): CodeIgniter\Model->__call('getWhere', [...])
 4 SYSTEMPATH\CodeIgniter.php(934): App\Controllers\CInbound->addInbound()
 5 SYSTEMPATH\CodeIgniter.php(499): CodeIgniter\CodeIgniter->runController(Object(App\Controllers\CInbound))
 6 SYSTEMPATH\CodeIgniter.php(368): CodeIgniter\CodeIgniter->handleRequest(null, Object(Config\Cache), false)
 7 FCPATH\index.php(67): CodeIgniter\CodeIgniter->run()
 8 SYSTEMPATH\Commands\Server\rewrite.php(47): require_once('FCPATH\\index.php')
INFO - 2023-02-05 11:45:00 --> Session: Class initialized using 'CodeIgniter\Session\Handlers\FileHandler' driver.
INFO - 2023-02-05 11:45:01 --> Session: Class initialized using 'CodeIgniter\Session\Handlers\FileHandler' driver.
INFO - 2023-02-05 11:45:05 --> Session: Class initialized using 'CodeIgniter\Session\Handlers\FileHandler' driver.
ERROR - 2023-02-05 11:45:05 --> mysqli_sql_exception: You have an error in your SQL syntax; check the manual that corresponds to your MariaDB server version for the right syntax to use near ':0:
AND 1 = :1:' at line 3 in D:\WEBSITE\tms_logicrew\vendor\codeigniter4\framework\system\Database\MySQLi\Connection.php:295
Stack trace:
#0 D:\WEBSITE\tms_logicrew\vendor\codeigniter4\framework\system\Database\MySQLi\Connection.php(295): mysqli->query('SELECT *\nFROM `...', 0)
#1 D:\WEBSITE\tms_logicrew\vendor\codeigniter4\framework\system\Database\BaseConnection.php(691): CodeIgniter\Database\MySQLi\Connection->execute('SELECT *\nFROM `...')
#2 D:\WEBSITE\tms_logicrew\vendor\codeigniter4\framework\system\Database\BaseConnection.php(605): CodeIgniter\Database\BaseConnection->simpleQuery('SELECT *\nFROM `...')
#3 D:\WEBSITE\tms_logicrew\vendor\codeigniter4\framework\system\Database\BaseBuilder.php(1735): CodeIgniter\Database\BaseConnection->query('SELECT *\nFROM `...', Array, false)
#4 D:\WEBSITE\tms_logicrew\vendor\codeigniter4\framework\system\Model.php(839): CodeIgniter\Database\BaseBuilder->getWhere(Array)
#5 D:\WEBSITE\tms_logicrew\app\Controllers\CInbound.php(49): CodeIgniter\Model->__call('getWhere', Array)
#6 D:\WEBSITE\tms_logicrew\vendor\codeigniter4\framework\system\CodeIgniter.php(934): App\Controllers\CInbound->addInbound()
#7 D:\WEBSITE\tms_logicrew\vendor\codeigniter4\framework\system\CodeIgniter.php(499): CodeIgniter\CodeIgniter->runController(Object(App\Controllers\CInbound))
#8 D:\WEBSITE\tms_logicrew\vendor\codeigniter4\framework\system\CodeIgniter.php(368): CodeIgniter\CodeIgniter->handleRequest(NULL, Object(Config\Cache), false)
#9 D:\WEBSITE\tms_logicrew\public\index.php(67): CodeIgniter\CodeIgniter->run()
#10 D:\WEBSITE\tms_logicrew\vendor\codeigniter4\framework\system\Commands\Server\rewrite.php(47): require_once('D:\\WEBSITE\\tms_...')
#11 {main}
CRITICAL - 2023-02-05 11:45:05 --> You have an error in your SQL syntax; check the manual that corresponds to your MariaDB server version for the right syntax to use near ':0:
AND 1 = :1:' at line 3
in SYSTEMPATH\Database\BaseConnection.php on line 645.
 1 SYSTEMPATH\Database\BaseBuilder.php(1735): CodeIgniter\Database\BaseConnection->query('SELECT *
FROM `tbl_inbound`
WHERE 0 = :0:
AND 1 = :1:', [...], false)
 2 SYSTEMPATH\Model.php(839): CodeIgniter\Database\BaseBuilder->getWhere([...])
 3 APPPATH\Controllers\CInbound.php(49): CodeIgniter\Model->__call('getWhere', [...])
 4 SYSTEMPATH\CodeIgniter.php(934): App\Controllers\CInbound->addInbound()
 5 SYSTEMPATH\CodeIgniter.php(499): CodeIgniter\CodeIgniter->runController(Object(App\Controllers\CInbound))
 6 SYSTEMPATH\CodeIgniter.php(368): CodeIgniter\CodeIgniter->handleRequest(null, Object(Config\Cache), false)
 7 FCPATH\index.php(67): CodeIgniter\CodeIgniter->run()
 8 SYSTEMPATH\Commands\Server\rewrite.php(47): require_once('FCPATH\\index.php')
INFO - 2023-02-05 11:45:50 --> Session: Class initialized using 'CodeIgniter\Session\Handlers\FileHandler' driver.
INFO - 2023-02-05 11:45:51 --> Session: Class initialized using 'CodeIgniter\Session\Handlers\FileHandler' driver.
INFO - 2023-02-05 11:45:56 --> Session: Class initialized using 'CodeIgniter\Session\Handlers\FileHandler' driver.
INFO - 2023-02-05 11:46:11 --> Session: Class initialized using 'CodeIgniter\Session\Handlers\FileHandler' driver.
INFO - 2023-02-05 11:46:12 --> Session: Class initialized using 'CodeIgniter\Session\Handlers\FileHandler' driver.
INFO - 2023-02-05 11:46:19 --> Session: Class initialized using 'CodeIgniter\Session\Handlers\FileHandler' driver.
CRITICAL - 2023-02-05 11:46:19 --> Attempt to read property "resi" on null
in APPPATH\Controllers\CInbound.php on line 52.
 1 APPPATH\Controllers\CInbound.php(52): CodeIgniter\Debug\Exceptions->errorHandler(2, 'Attempt to read property "resi" on null', 'APPPATH\\Controllers\\CInbound.php', 52)
 2 SYSTEMPATH\CodeIgniter.php(934): App\Controllers\CInbound->addInbound()
 3 SYSTEMPATH\CodeIgniter.php(499): CodeIgniter\CodeIgniter->runController(Object(App\Controllers\CInbound))
 4 SYSTEMPATH\CodeIgniter.php(368): CodeIgniter\CodeIgniter->handleRequest(null, Object(Config\Cache), false)
 5 FCPATH\index.php(67): CodeIgniter\CodeIgniter->run()
 6 SYSTEMPATH\Commands\Server\rewrite.php(47): require_once('FCPATH\\index.php')
INFO - 2023-02-05 11:47:03 --> Session: Class initialized using 'CodeIgniter\Session\Handlers\FileHandler' driver.
CRITICAL - 2023-02-05 11:47:03 --> Attempt to read property "resi" on null
in APPPATH\Controllers\CInbound.php on line 50.
 1 APPPATH\Controllers\CInbound.php(50): CodeIgniter\Debug\Exceptions->errorHandler(2, 'Attempt to read property "resi" on null', 'APPPATH\\Controllers\\CInbound.php', 50)
 2 SYSTEMPATH\CodeIgniter.php(934): App\Controllers\CInbound->addInbound()
 3 SYSTEMPATH\CodeIgniter.php(499): CodeIgniter\CodeIgniter->runController(Object(App\Controllers\CInbound))
 4 SYSTEMPATH\CodeIgniter.php(368): CodeIgniter\CodeIgniter->handleRequest(null, Object(Config\Cache), false)
 5 FCPATH\index.php(67): CodeIgniter\CodeIgniter->run()
 6 SYSTEMPATH\Commands\Server\rewrite.php(47): require_once('FCPATH\\index.php')
INFO - 2023-02-05 11:47:09 --> Session: Class initialized using 'CodeIgniter\Session\Handlers\FileHandler' driver.
INFO - 2023-02-05 11:47:10 --> Session: Class initialized using 'CodeIgniter\Session\Handlers\FileHandler' driver.
INFO - 2023-02-05 11:47:14 --> Session: Class initialized using 'CodeIgniter\Session\Handlers\FileHandler' driver.
CRITICAL - 2023-02-05 11:47:14 --> Attempt to read property "resi" on null
in APPPATH\Controllers\CInbound.php on line 50.
 1 APPPATH\Controllers\CInbound.php(50): CodeIgniter\Debug\Exceptions->errorHandler(2, 'Attempt to read property "resi" on null', 'APPPATH\\Controllers\\CInbound.php', 50)
 2 SYSTEMPATH\CodeIgniter.php(934): App\Controllers\CInbound->addInbound()
 3 SYSTEMPATH\CodeIgniter.php(499): CodeIgniter\CodeIgniter->runController(Object(App\Controllers\CInbound))
 4 SYSTEMPATH\CodeIgniter.php(368): CodeIgniter\CodeIgniter->handleRequest(null, Object(Config\Cache), false)
 5 FCPATH\index.php(67): CodeIgniter\CodeIgniter->run()
 6 SYSTEMPATH\Commands\Server\rewrite.php(47): require_once('FCPATH\\index.php')
INFO - 2023-02-05 11:47:57 --> Session: Class initialized using 'CodeIgniter\Session\Handlers\FileHandler' driver.
INFO - 2023-02-05 11:47:58 --> Session: Class initialized using 'CodeIgniter\Session\Handlers\FileHandler' driver.
INFO - 2023-02-05 11:48:02 --> Session: Class initialized using 'CodeIgniter\Session\Handlers\FileHandler' driver.
INFO - 2023-02-05 11:49:11 --> Session: Class initialized using 'CodeIgniter\Session\Handlers\FileHandler' driver.
INFO - 2023-02-05 11:49:12 --> Session: Class initialized using 'CodeIgniter\Session\Handlers\FileHandler' driver.
INFO - 2023-02-05 11:49:16 --> Session: Class initialized using 'CodeIgniter\Session\Handlers\FileHandler' driver.
INFO - 2023-02-05 11:49:33 --> Session: Class initialized using 'CodeIgniter\Session\Handlers\FileHandler' driver.
INFO - 2023-02-05 11:49:34 --> Session: Class initialized using 'CodeIgniter\Session\Handlers\FileHandler' driver.
INFO - 2023-02-05 11:49:39 --> Session: Class initialized using 'CodeIgniter\Session\Handlers\FileHandler' driver.
CRITICAL - 2023-02-05 11:49:39 --> Attempt to read property "resi" on null
in APPPATH\Controllers\CInbound.php on line 52.
 1 APPPATH\Controllers\CInbound.php(52): CodeIgniter\Debug\Exceptions->errorHandler(2, 'Attempt to read property "resi" on null', 'APPPATH\\Controllers\\CInbound.php', 52)
 2 SYSTEMPATH\CodeIgniter.php(934): App\Controllers\CInbound->addInbound()
 3 SYSTEMPATH\CodeIgniter.php(499): CodeIgniter\CodeIgniter->runController(Object(App\Controllers\CInbound))
 4 SYSTEMPATH\CodeIgniter.php(368): CodeIgniter\CodeIgniter->handleRequest(null, Object(Config\Cache), false)
 5 FCPATH\index.php(67): CodeIgniter\CodeIgniter->run()
 6 SYSTEMPATH\Commands\Server\rewrite.php(47): require_once('FCPATH\\index.php')
INFO - 2023-02-05 11:50:20 --> Session: Class initialized using 'CodeIgniter\Session\Handlers\FileHandler' driver.
INFO - 2023-02-05 11:50:21 --> Session: Class initialized using 'CodeIgniter\Session\Handlers\FileHandler' driver.
INFO - 2023-02-05 11:50:30 --> Session: Class initialized using 'CodeIgniter\Session\Handlers\FileHandler' driver.
CRITICAL - 2023-02-05 11:50:30 --> Attempt to read property "resi" on null
in APPPATH\Controllers\CInbound.php on line 52.
 1 APPPATH\Controllers\CInbound.php(52): CodeIgniter\Debug\Exceptions->errorHandler(2, 'Attempt to read property "resi" on null', 'APPPATH\\Controllers\\CInbound.php', 52)
 2 SYSTEMPATH\CodeIgniter.php(934): App\Controllers\CInbound->addInbound()
 3 SYSTEMPATH\CodeIgniter.php(499): CodeIgniter\CodeIgniter->runController(Object(App\Controllers\CInbound))
 4 SYSTEMPATH\CodeIgniter.php(368): CodeIgniter\CodeIgniter->handleRequest(null, Object(Config\Cache), false)
 5 FCPATH\index.php(67): CodeIgniter\CodeIgniter->run()
 6 SYSTEMPATH\Commands\Server\rewrite.php(47): require_once('FCPATH\\index.php')
INFO - 2023-02-05 11:50:46 --> Session: Class initialized using 'CodeIgniter\Session\Handlers\FileHandler' driver.
INFO - 2023-02-05 11:50:47 --> Session: Class initialized using 'CodeIgniter\Session\Handlers\FileHandler' driver.
INFO - 2023-02-05 11:50:52 --> Session: Class initialized using 'CodeIgniter\Session\Handlers\FileHandler' driver.
CRITICAL - 2023-02-05 11:50:52 --> Trying to access array offset on value of type null
in APPPATH\Controllers\CInbound.php on line 52.
 1 APPPATH\Controllers\CInbound.php(52): CodeIgniter\Debug\Exceptions->errorHandler(2, 'Trying to access array offset on value of type null', 'APPPATH\\Controllers\\CInbound.php', 52)
 2 SYSTEMPATH\CodeIgniter.php(934): App\Controllers\CInbound->addInbound()
 3 SYSTEMPATH\CodeIgniter.php(499): CodeIgniter\CodeIgniter->runController(Object(App\Controllers\CInbound))
 4 SYSTEMPATH\CodeIgniter.php(368): CodeIgniter\CodeIgniter->handleRequest(null, Object(Config\Cache), false)
 5 FCPATH\index.php(67): CodeIgniter\CodeIgniter->run()
 6 SYSTEMPATH\Commands\Server\rewrite.php(47): require_once('FCPATH\\index.php')
INFO - 2023-02-05 11:51:18 --> Session: Class initialized using 'CodeIgniter\Session\Handlers\FileHandler' driver.
INFO - 2023-02-05 11:51:19 --> Session: Class initialized using 'CodeIgniter\Session\Handlers\FileHandler' driver.
INFO - 2023-02-05 11:51:25 --> Session: Class initialized using 'CodeIgniter\Session\Handlers\FileHandler' driver.
CRITICAL - 2023-02-05 11:51:25 --> Trying to access array offset on value of type null
in APPPATH\Controllers\CInbound.php on line 50.
 1 APPPATH\Controllers\CInbound.php(50): CodeIgniter\Debug\Exceptions->errorHandler(2, 'Trying to access array offset on value of type null', 'APPPATH\\Controllers\\CInbound.php', 50)
 2 SYSTEMPATH\CodeIgniter.php(934): App\Controllers\CInbound->addInbound()
 3 SYSTEMPATH\CodeIgniter.php(499): CodeIgniter\CodeIgniter->runController(Object(App\Controllers\CInbound))
 4 SYSTEMPATH\CodeIgniter.php(368): CodeIgniter\CodeIgniter->handleRequest(null, Object(Config\Cache), false)
 5 FCPATH\index.php(67): CodeIgniter\CodeIgniter->run()
 6 SYSTEMPATH\Commands\Server\rewrite.php(47): require_once('FCPATH\\index.php')
INFO - 2023-02-05 11:52:27 --> Session: Class initialized using 'CodeIgniter\Session\Handlers\FileHandler' driver.
INFO - 2023-02-05 11:52:28 --> Session: Class initialized using 'CodeIgniter\Session\Handlers\FileHandler' driver.
INFO - 2023-02-05 11:52:33 --> Session: Class initialized using 'CodeIgniter\Session\Handlers\FileHandler' driver.
CRITICAL - 2023-02-05 11:52:33 --> Attempt to read property "resi" on null
in APPPATH\Controllers\CInbound.php on line 50.
 1 APPPATH\Controllers\CInbound.php(50): CodeIgniter\Debug\Exceptions->errorHandler(2, 'Attempt to read property "resi" on null', 'APPPATH\\Controllers\\CInbound.php', 50)
 2 SYSTEMPATH\CodeIgniter.php(934): App\Controllers\CInbound->addInbound()
 3 SYSTEMPATH\CodeIgniter.php(499): CodeIgniter\CodeIgniter->runController(Object(App\Controllers\CInbound))
 4 SYSTEMPATH\CodeIgniter.php(368): CodeIgniter\CodeIgniter->handleRequest(null, Object(Config\Cache), false)
 5 FCPATH\index.php(67): CodeIgniter\CodeIgniter->run()
 6 SYSTEMPATH\Commands\Server\rewrite.php(47): require_once('FCPATH\\index.php')
INFO - 2023-02-05 11:54:44 --> Session: Class initialized using 'CodeIgniter\Session\Handlers\FileHandler' driver.
INFO - 2023-02-05 11:54:45 --> Session: Class initialized using 'CodeIgniter\Session\Handlers\FileHandler' driver.
INFO - 2023-02-05 11:54:49 --> Session: Class initialized using 'CodeIgniter\Session\Handlers\FileHandler' driver.
CRITICAL - 2023-02-05 11:54:49 --> Call to undefined method CodeIgniter\Database\MySQLi\Result::insert()
in APPPATH\Controllers\CInbound.php on line 64.
 1 SYSTEMPATH\CodeIgniter.php(934): App\Controllers\CInbound->addInbound()
 2 SYSTEMPATH\CodeIgniter.php(499): CodeIgniter\CodeIgniter->runController(Object(App\Controllers\CInbound))
 3 SYSTEMPATH\CodeIgniter.php(368): CodeIgniter\CodeIgniter->handleRequest(null, Object(Config\Cache), false)
 4 FCPATH\index.php(67): CodeIgniter\CodeIgniter->run()
 5 SYSTEMPATH\Commands\Server\rewrite.php(47): require_once('FCPATH\\index.php')
INFO - 2023-02-05 11:55:09 --> Session: Class initialized using 'CodeIgniter\Session\Handlers\FileHandler' driver.
INFO - 2023-02-05 11:55:11 --> Session: Class initialized using 'CodeIgniter\Session\Handlers\FileHandler' driver.
INFO - 2023-02-05 11:55:16 --> Session: Class initialized using 'CodeIgniter\Session\Handlers\FileHandler' driver.
INFO - 2023-02-05 12:00:54 --> Session: Class initialized using 'CodeIgniter\Session\Handlers\FileHandler' driver.
INFO - 2023-02-05 12:01:00 --> Session: Class initialized using 'CodeIgniter\Session\Handlers\FileHandler' driver.
INFO - 2023-02-05 12:06:24 --> Session: Class initialized using 'CodeIgniter\Session\Handlers\FileHandler' driver.
INFO - 2023-02-05 12:06:25 --> Session: Class initialized using 'CodeIgniter\Session\Handlers\FileHandler' driver.
CRITICAL - 2023-02-05 12:06:25 --> syntax error, unexpected end of file
in APPPATH\Views\Inbound\tableList.php on line 44.
 1 SYSTEMPATH\View\View.php(216): CodeIgniter\View\View->CodeIgniter\View\{closure}()
 2 SYSTEMPATH\Common.php(1177): CodeIgniter\View\View->render('Inbound/tableList', [], true)
 3 APPPATH\Controllers\CInbound.php(35): view('Inbound/tableList', [...])
 4 SYSTEMPATH\CodeIgniter.php(934): App\Controllers\CInbound->tableInbound()
 5 SYSTEMPATH\CodeIgniter.php(499): CodeIgniter\CodeIgniter->runController(Object(App\Controllers\CInbound))
 6 SYSTEMPATH\CodeIgniter.php(368): CodeIgniter\CodeIgniter->handleRequest(null, Object(Config\Cache), false)
 7 FCPATH\index.php(67): CodeIgniter\CodeIgniter->run()
 8 SYSTEMPATH\Commands\Server\rewrite.php(47): require_once('FCPATH\\index.php')
INFO - 2023-02-05 12:07:16 --> Session: Class initialized using 'CodeIgniter\Session\Handlers\FileHandler' driver.
INFO - 2023-02-05 12:07:17 --> Session: Class initialized using 'CodeIgniter\Session\Handlers\FileHandler' driver.
INFO - 2023-02-05 12:07:32 --> Session: Class initialized using 'CodeIgniter\Session\Handlers\FileHandler' driver.
INFO - 2023-02-05 12:07:33 --> Session: Class initialized using 'CodeIgniter\Session\Handlers\FileHandler' driver.
INFO - 2023-02-05 12:07:42 --> Session: Class initialized using 'CodeIgniter\Session\Handlers\FileHandler' driver.
INFO - 2023-02-05 12:07:43 --> Session: Class initialized using 'CodeIgniter\Session\Handlers\FileHandler' driver.
INFO - 2023-02-05 12:07:49 --> Session: Class initialized using 'CodeIgniter\Session\Handlers\FileHandler' driver.
INFO - 2023-02-05 12:07:50 --> Session: Class initialized using 'CodeIgniter\Session\Handlers\FileHandler' driver.
INFO - 2023-02-05 12:08:00 --> Session: Class initialized using 'CodeIgniter\Session\Handlers\FileHandler' driver.
INFO - 2023-02-05 12:08:00 --> Session: Class initialized using 'CodeIgniter\Session\Handlers\FileHandler' driver.
INFO - 2023-02-05 12:08:19 --> Session: Class initialized using 'CodeIgniter\Session\Handlers\FileHandler' driver.
INFO - 2023-02-05 12:08:22 --> Session: Class initialized using 'CodeIgniter\Session\Handlers\FileHandler' driver.
INFO - 2023-02-05 12:08:25 --> Session: Class initialized using 'CodeIgniter\Session\Handlers\FileHandler' driver.
INFO - 2023-02-05 12:08:27 --> Session: Class initialized using 'CodeIgniter\Session\Handlers\FileHandler' driver.
INFO - 2023-02-05 12:08:47 --> Session: Class initialized using 'CodeIgniter\Session\Handlers\FileHandler' driver.
INFO - 2023-02-05 12:08:47 --> Session: Class initialized using 'CodeIgniter\Session\Handlers\FileHandler' driver.
INFO - 2023-02-05 12:09:40 --> Session: Class initialized using 'CodeIgniter\Session\Handlers\FileHandler' driver.
INFO - 2023-02-05 12:10:01 --> Session: Class initialized using 'CodeIgniter\Session\Handlers\FileHandler' driver.
INFO - 2023-02-05 12:10:04 --> Session: Class initialized using 'CodeIgniter\Session\Handlers\FileHandler' driver.
INFO - 2023-02-05 12:10:13 --> Session: Class initialized using 'CodeIgniter\Session\Handlers\FileHandler' driver.
INFO - 2023-02-05 12:10:13 --> Session: Class initialized using 'CodeIgniter\Session\Handlers\FileHandler' driver.
INFO - 2023-02-05 12:10:20 --> Session: Class initialized using 'CodeIgniter\Session\Handlers\FileHandler' driver.
INFO - 2023-02-05 12:10:21 --> Session: Class initialized using 'CodeIgniter\Session\Handlers\FileHandler' driver.
INFO - 2023-02-05 12:10:27 --> Session: Class initialized using 'CodeIgniter\Session\Handlers\FileHandler' driver.
INFO - 2023-02-05 12:10:27 --> Session: Class initialized using 'CodeIgniter\Session\Handlers\FileHandler' driver.
INFO - 2023-02-05 13:54:30 --> Session: Class initialized using 'CodeIgniter\Session\Handlers\FileHandler' driver.
INFO - 2023-02-05 13:54:30 --> Session: Class initialized using 'CodeIgniter\Session\Handlers\FileHandler' driver.
INFO - 2023-02-05 13:55:33 --> Session: Class initialized using 'CodeIgniter\Session\Handlers\FileHandler' driver.
INFO - 2023-02-05 13:59:37 --> Session: Class initialized using 'CodeIgniter\Session\Handlers\FileHandler' driver.
INFO - 2023-02-05 14:00:00 --> Session: Class initialized using 'CodeIgniter\Session\Handlers\FileHandler' driver.
INFO - 2023-02-05 14:00:01 --> Session: Class initialized using 'CodeIgniter\Session\Handlers\FileHandler' driver.
INFO - 2023-02-05 14:00:22 --> Session: Class initialized using 'CodeIgniter\Session\Handlers\FileHandler' driver.
INFO - 2023-02-05 14:00:22 --> Session: Class initialized using 'CodeIgniter\Session\Handlers\FileHandler' driver.
