CRITICAL - 2023-01-30 10:01:33 --> Undefined variable $jumlahPaket
in APPPATH\Views\Sorting\index.php on line 12.
 1 APPPATH\Views\Sorting\index.php(12): CodeIgniter\Debug\Exceptions->errorHandler(2, 'Undefined variable $jumlahPaket', 'APPPATH\\Views\\Sorting\\index.php', 12)
 2 SYSTEMPATH\View\View.php(213): include('APPPATH\\Views\\Sorting\\index.php')
 3 SYSTEMPATH\View\View.php(216): CodeIgniter\View\View->CodeIgniter\View\{closure}()
 4 SYSTEMPATH\Common.php(1177): CodeIgniter\View\View->render('Sorting/index', [], true)
 5 APPPATH\Controllers\CSorting.php(16): view('Sorting/index', [...])
 6 SYSTEMPATH\CodeIgniter.php(934): App\Controllers\CSorting->index()
 7 SYSTEMPATH\CodeIgniter.php(499): CodeIgniter\CodeIgniter->runController(Object(App\Controllers\CSorting))
 8 SYSTEMPATH\CodeIgniter.php(368): CodeIgniter\CodeIgniter->handleRequest(null, Object(Config\Cache), false)
 9 FCPATH\index.php(67): CodeIgniter\CodeIgniter->run()
10 SYSTEMPATH\Commands\Server\rewrite.php(47): require_once('FCPATH\\index.php')
ERROR - 2023-01-30 15:08:53 --> mysqli_sql_exception: You have an error in your SQL syntax; check the manual that corresponds to your MariaDB server version for the right syntax to use near '1,2) NOT NULL,
	`latitude` varchar(18) NOT NULL,
	`join_date` date NULL,
	`cr...' at line 10 in D:\WEBSITE\tms_logicrew\vendor\codeigniter4\framework\system\Database\MySQLi\Connection.php:295
Stack trace:
#0 D:\WEBSITE\tms_logicrew\vendor\codeigniter4\framework\system\Database\MySQLi\Connection.php(295): mysqli->query('CREATE TABLE `t...', 0)
#1 D:\WEBSITE\tms_logicrew\vendor\codeigniter4\framework\system\Database\BaseConnection.php(691): CodeIgniter\Database\MySQLi\Connection->execute('CREATE TABLE `t...')
#2 D:\WEBSITE\tms_logicrew\vendor\codeigniter4\framework\system\Database\BaseConnection.php(605): CodeIgniter\Database\BaseConnection->simpleQuery('CREATE TABLE `t...')
#3 D:\WEBSITE\tms_logicrew\vendor\codeigniter4\framework\system\Database\Forge.php(546): CodeIgniter\Database\BaseConnection->query('CREATE TABLE `t...')
#4 D:\WEBSITE\tms_logicrew\app\Database\Migrations\2023-01-30-072058_TblCustomer.php(68): CodeIgniter\Database\Forge->createTable('tbl_customer')
#5 D:\WEBSITE\tms_logicrew\vendor\codeigniter4\framework\system\Database\MigrationRunner.php(877): App\Database\Migrations\TblCustomer->up()
#6 D:\WEBSITE\tms_logicrew\vendor\codeigniter4\framework\system\Database\MigrationRunner.php(188): CodeIgniter\Database\MigrationRunner->migrate('up', Object(stdClass))
#7 D:\WEBSITE\tms_logicrew\vendor\codeigniter4\framework\system\Commands\Database\Migrate.php(84): CodeIgniter\Database\MigrationRunner->latest(NULL)
#8 D:\WEBSITE\tms_logicrew\vendor\codeigniter4\framework\system\CLI\Commands.php(65): CodeIgniter\Commands\Database\Migrate->run(Array)
#9 D:\WEBSITE\tms_logicrew\vendor\codeigniter4\framework\system\CLI\Console.php(37): CodeIgniter\CLI\Commands->run('migrate', Array)
#10 D:\WEBSITE\tms_logicrew\spark(97): CodeIgniter\CLI\Console->run()
#11 {main}
ERROR - 2023-01-30 15:10:57 --> mysqli_sql_exception: You have an error in your SQL syntax; check the manual that corresponds to your MariaDB server version for the right syntax to use near '1,2) NOT NULL,
	`join_date` datetime NULL,
	`created_at` datetime NULL,
	`upd...' at line 11 in D:\WEBSITE\tms_logicrew\vendor\codeigniter4\framework\system\Database\MySQLi\Connection.php:295
Stack trace:
#0 D:\WEBSITE\tms_logicrew\vendor\codeigniter4\framework\system\Database\MySQLi\Connection.php(295): mysqli->query('CREATE TABLE `t...', 0)
#1 D:\WEBSITE\tms_logicrew\vendor\codeigniter4\framework\system\Database\BaseConnection.php(691): CodeIgniter\Database\MySQLi\Connection->execute('CREATE TABLE `t...')
#2 D:\WEBSITE\tms_logicrew\vendor\codeigniter4\framework\system\Database\BaseConnection.php(605): CodeIgniter\Database\BaseConnection->simpleQuery('CREATE TABLE `t...')
#3 D:\WEBSITE\tms_logicrew\vendor\codeigniter4\framework\system\Database\Forge.php(546): CodeIgniter\Database\BaseConnection->query('CREATE TABLE `t...')
#4 D:\WEBSITE\tms_logicrew\app\Database\Migrations\2023-01-30-072058_TblCustomer.php(68): CodeIgniter\Database\Forge->createTable('tbl_customer')
#5 D:\WEBSITE\tms_logicrew\vendor\codeigniter4\framework\system\Database\MigrationRunner.php(877): App\Database\Migrations\TblCustomer->up()
#6 D:\WEBSITE\tms_logicrew\vendor\codeigniter4\framework\system\Database\MigrationRunner.php(188): CodeIgniter\Database\MigrationRunner->migrate('up', Object(stdClass))
#7 D:\WEBSITE\tms_logicrew\vendor\codeigniter4\framework\system\Commands\Database\Migrate.php(84): CodeIgniter\Database\MigrationRunner->latest(NULL)
#8 D:\WEBSITE\tms_logicrew\vendor\codeigniter4\framework\system\CLI\Commands.php(65): CodeIgniter\Commands\Database\Migrate->run(Array)
#9 D:\WEBSITE\tms_logicrew\vendor\codeigniter4\framework\system\CLI\BaseCommand.php(114): CodeIgniter\CLI\Commands->run('migrate', Array)
#10 D:\WEBSITE\tms_logicrew\vendor\codeigniter4\framework\system\Commands\Database\MigrateRefresh.php(85): CodeIgniter\CLI\BaseCommand->call('migrate', Array)
#11 D:\WEBSITE\tms_logicrew\vendor\codeigniter4\framework\system\CLI\Commands.php(65): CodeIgniter\Commands\Database\MigrateRefresh->run(Array)
#12 D:\WEBSITE\tms_logicrew\vendor\codeigniter4\framework\system\CLI\Console.php(37): CodeIgniter\CLI\Commands->run('migrate:refresh', Array)
#13 D:\WEBSITE\tms_logicrew\spark(97): CodeIgniter\CLI\Console->run()
#14 {main}
ERROR - 2023-01-30 15:12:25 --> mysqli_sql_exception: You have an error in your SQL syntax; check the manual that corresponds to your MariaDB server version for the right syntax to use near '1,2) NOT NULL,
	`join_date` datetime NULL,
	`created_at` datetime NULL,
	`upd...' at line 11 in D:\WEBSITE\tms_logicrew\vendor\codeigniter4\framework\system\Database\MySQLi\Connection.php:295
Stack trace:
#0 D:\WEBSITE\tms_logicrew\vendor\codeigniter4\framework\system\Database\MySQLi\Connection.php(295): mysqli->query('CREATE TABLE `t...', 0)
#1 D:\WEBSITE\tms_logicrew\vendor\codeigniter4\framework\system\Database\BaseConnection.php(691): CodeIgniter\Database\MySQLi\Connection->execute('CREATE TABLE `t...')
#2 D:\WEBSITE\tms_logicrew\vendor\codeigniter4\framework\system\Database\BaseConnection.php(605): CodeIgniter\Database\BaseConnection->simpleQuery('CREATE TABLE `t...')
#3 D:\WEBSITE\tms_logicrew\vendor\codeigniter4\framework\system\Database\Forge.php(546): CodeIgniter\Database\BaseConnection->query('CREATE TABLE `t...')
#4 D:\WEBSITE\tms_logicrew\app\Database\Migrations\2023-01-30-072058_TblCustomer.php(72): CodeIgniter\Database\Forge->createTable('tbl_customer')
#5 D:\WEBSITE\tms_logicrew\vendor\codeigniter4\framework\system\Database\MigrationRunner.php(877): App\Database\Migrations\TblCustomer->up()
#6 D:\WEBSITE\tms_logicrew\vendor\codeigniter4\framework\system\Database\MigrationRunner.php(188): CodeIgniter\Database\MigrationRunner->migrate('up', Object(stdClass))
#7 D:\WEBSITE\tms_logicrew\vendor\codeigniter4\framework\system\Commands\Database\Migrate.php(84): CodeIgniter\Database\MigrationRunner->latest(NULL)
#8 D:\WEBSITE\tms_logicrew\vendor\codeigniter4\framework\system\CLI\Commands.php(65): CodeIgniter\Commands\Database\Migrate->run(Array)
#9 D:\WEBSITE\tms_logicrew\vendor\codeigniter4\framework\system\CLI\BaseCommand.php(114): CodeIgniter\CLI\Commands->run('migrate', Array)
#10 D:\WEBSITE\tms_logicrew\vendor\codeigniter4\framework\system\Commands\Database\MigrateRefresh.php(85): CodeIgniter\CLI\BaseCommand->call('migrate', Array)
#11 D:\WEBSITE\tms_logicrew\vendor\codeigniter4\framework\system\CLI\Commands.php(65): CodeIgniter\Commands\Database\MigrateRefresh->run(Array)
#12 D:\WEBSITE\tms_logicrew\vendor\codeigniter4\framework\system\CLI\Console.php(37): CodeIgniter\CLI\Commands->run('migrate:refresh', Array)
#13 D:\WEBSITE\tms_logicrew\spark(97): CodeIgniter\CLI\Console->run()
#14 {main}
ERROR - 2023-01-30 15:12:48 --> mysqli_sql_exception: You have an error in your SQL syntax; check the manual that corresponds to your MariaDB server version for the right syntax to use near '1,2) NOT NULL,
	`join_date` datetime NULL,
	`created_at` datetime NULL,
	`upd...' at line 11 in D:\WEBSITE\tms_logicrew\vendor\codeigniter4\framework\system\Database\MySQLi\Connection.php:295
Stack trace:
#0 D:\WEBSITE\tms_logicrew\vendor\codeigniter4\framework\system\Database\MySQLi\Connection.php(295): mysqli->query('CREATE TABLE `t...', 0)
#1 D:\WEBSITE\tms_logicrew\vendor\codeigniter4\framework\system\Database\BaseConnection.php(691): CodeIgniter\Database\MySQLi\Connection->execute('CREATE TABLE `t...')
#2 D:\WEBSITE\tms_logicrew\vendor\codeigniter4\framework\system\Database\BaseConnection.php(605): CodeIgniter\Database\BaseConnection->simpleQuery('CREATE TABLE `t...')
#3 D:\WEBSITE\tms_logicrew\vendor\codeigniter4\framework\system\Database\Forge.php(546): CodeIgniter\Database\BaseConnection->query('CREATE TABLE `t...')
#4 D:\WEBSITE\tms_logicrew\app\Database\Migrations\2023-01-30-072058_TblCustomer.php(72): CodeIgniter\Database\Forge->createTable('tbl_customer')
#5 D:\WEBSITE\tms_logicrew\vendor\codeigniter4\framework\system\Database\MigrationRunner.php(877): App\Database\Migrations\TblCustomer->up()
#6 D:\WEBSITE\tms_logicrew\vendor\codeigniter4\framework\system\Database\MigrationRunner.php(188): CodeIgniter\Database\MigrationRunner->migrate('up', Object(stdClass))
#7 D:\WEBSITE\tms_logicrew\vendor\codeigniter4\framework\system\Commands\Database\Migrate.php(84): CodeIgniter\Database\MigrationRunner->latest(NULL)
#8 D:\WEBSITE\tms_logicrew\vendor\codeigniter4\framework\system\CLI\Commands.php(65): CodeIgniter\Commands\Database\Migrate->run(Array)
#9 D:\WEBSITE\tms_logicrew\vendor\codeigniter4\framework\system\CLI\Console.php(37): CodeIgniter\CLI\Commands->run('migrate', Array)
#10 D:\WEBSITE\tms_logicrew\spark(97): CodeIgniter\CLI\Console->run()
#11 {main}
CRITICAL - 2023-01-30 16:36:30 --> CodeIgniter\Database\BaseBuilder::orderBy(): Argument #1 ($orderBy) must be of type string, null given, called in D:\WEBSITE\tms_logicrew\app\Models\MAgen.php on line 45
in SYSTEMPATH\Database\BaseBuilder.php on line 1424.
 1 APPPATH\Models\MAgen.php(45): CodeIgniter\Database\BaseBuilder->orderBy(null, 'asc')
 2 APPPATH\Models\MAgen.php(54): App\Models\MAgen->getDatatablesQuery()
 3 APPPATH\Controllers\CListAgen.php(43): App\Models\MAgen->getDatatables()
 4 SYSTEMPATH\CodeIgniter.php(934): App\Controllers\CListAgen->dataAjax()
 5 SYSTEMPATH\CodeIgniter.php(499): CodeIgniter\CodeIgniter->runController(Object(App\Controllers\CListAgen))
 6 SYSTEMPATH\CodeIgniter.php(368): CodeIgniter\CodeIgniter->handleRequest(null, Object(Config\Cache), false)
 7 FCPATH\index.php(67): CodeIgniter\CodeIgniter->run()
 8 SYSTEMPATH\Commands\Server\rewrite.php(47): require_once('FCPATH\\index.php')
CRITICAL - 2023-01-30 16:40:15 --> Call to undefined function App\Controllers\format_number()
in APPPATH\Controllers\CListAgen.php on line 60.
 1 SYSTEMPATH\CodeIgniter.php(934): App\Controllers\CListAgen->dataAjax()
 2 SYSTEMPATH\CodeIgniter.php(499): CodeIgniter\CodeIgniter->runController(Object(App\Controllers\CListAgen))
 3 SYSTEMPATH\CodeIgniter.php(368): CodeIgniter\CodeIgniter->handleRequest(null, Object(Config\Cache), false)
 4 FCPATH\index.php(67): CodeIgniter\CodeIgniter->run()
 5 SYSTEMPATH\Commands\Server\rewrite.php(47): require_once('FCPATH\\index.php')
CRITICAL - 2023-01-30 16:40:24 --> Call to undefined function App\Controllers\format_number()
in APPPATH\Controllers\CListAgen.php on line 60.
 1 SYSTEMPATH\CodeIgniter.php(934): App\Controllers\CListAgen->dataAjax()
 2 SYSTEMPATH\CodeIgniter.php(499): CodeIgniter\CodeIgniter->runController(Object(App\Controllers\CListAgen))
 3 SYSTEMPATH\CodeIgniter.php(368): CodeIgniter\CodeIgniter->handleRequest(null, Object(Config\Cache), false)
 4 FCPATH\index.php(67): CodeIgniter\CodeIgniter->run()
 5 SYSTEMPATH\Commands\Server\rewrite.php(47): require_once('FCPATH\\index.php')
CRITICAL - 2023-01-30 16:41:00 --> Call to undefined function App\Controllers\format_number()
in APPPATH\Controllers\CListAgen.php on line 60.
 1 SYSTEMPATH\CodeIgniter.php(934): App\Controllers\CListAgen->dataAjax()
 2 SYSTEMPATH\CodeIgniter.php(499): CodeIgniter\CodeIgniter->runController(Object(App\Controllers\CListAgen))
 3 SYSTEMPATH\CodeIgniter.php(368): CodeIgniter\CodeIgniter->handleRequest(null, Object(Config\Cache), false)
 4 FCPATH\index.php(67): CodeIgniter\CodeIgniter->run()
 5 SYSTEMPATH\Commands\Server\rewrite.php(47): require_once('FCPATH\\index.php')
CRITICAL - 2023-01-30 16:41:19 --> Call to undefined function App\Controllers\format_number()
in APPPATH\Controllers\CListAgen.php on line 60.
 1 SYSTEMPATH\CodeIgniter.php(934): App\Controllers\CListAgen->dataAjax()
 2 SYSTEMPATH\CodeIgniter.php(499): CodeIgniter\CodeIgniter->runController(Object(App\Controllers\CListAgen))
 3 SYSTEMPATH\CodeIgniter.php(368): CodeIgniter\CodeIgniter->handleRequest(null, Object(Config\Cache), false)
 4 FCPATH\index.php(67): CodeIgniter\CodeIgniter->run()
 5 SYSTEMPATH\Commands\Server\rewrite.php(47): require_once('FCPATH\\index.php')
CRITICAL - 2023-01-30 16:41:23 --> Call to undefined function App\Controllers\format_number()
in APPPATH\Controllers\CListAgen.php on line 60.
 1 SYSTEMPATH\CodeIgniter.php(934): App\Controllers\CListAgen->dataAjax()
 2 SYSTEMPATH\CodeIgniter.php(499): CodeIgniter\CodeIgniter->runController(Object(App\Controllers\CListAgen))
 3 SYSTEMPATH\CodeIgniter.php(368): CodeIgniter\CodeIgniter->handleRequest(null, Object(Config\Cache), false)
 4 FCPATH\index.php(67): CodeIgniter\CodeIgniter->run()
 5 SYSTEMPATH\Commands\Server\rewrite.php(47): require_once('FCPATH\\index.php')
CRITICAL - 2023-01-30 16:41:36 --> Call to undefined function App\Controllers\format_number()
in APPPATH\Controllers\CListAgen.php on line 60.
 1 SYSTEMPATH\CodeIgniter.php(934): App\Controllers\CListAgen->dataAjax()
 2 SYSTEMPATH\CodeIgniter.php(499): CodeIgniter\CodeIgniter->runController(Object(App\Controllers\CListAgen))
 3 SYSTEMPATH\CodeIgniter.php(368): CodeIgniter\CodeIgniter->handleRequest(null, Object(Config\Cache), false)
 4 FCPATH\index.php(67): CodeIgniter\CodeIgniter->run()
 5 SYSTEMPATH\Commands\Server\rewrite.php(47): require_once('FCPATH\\index.php')
ERROR - 2023-01-30 16:49:57 --> mysqli_sql_exception: Unknown column 'contact' in 'where clause' in D:\WEBSITE\tms_logicrew\vendor\codeigniter4\framework\system\Database\MySQLi\Connection.php:295
Stack trace:
#0 D:\WEBSITE\tms_logicrew\vendor\codeigniter4\framework\system\Database\MySQLi\Connection.php(295): mysqli->query('SELECT *\nFROM `...', 0)
#1 D:\WEBSITE\tms_logicrew\vendor\codeigniter4\framework\system\Database\BaseConnection.php(691): CodeIgniter\Database\MySQLi\Connection->execute('SELECT *\nFROM `...')
#2 D:\WEBSITE\tms_logicrew\vendor\codeigniter4\framework\system\Database\BaseConnection.php(605): CodeIgniter\Database\BaseConnection->simpleQuery('SELECT *\nFROM `...')
#3 D:\WEBSITE\tms_logicrew\vendor\codeigniter4\framework\system\Database\BaseBuilder.php(1602): CodeIgniter\Database\BaseConnection->query('SELECT *\nFROM `...', Array, false)
#4 D:\WEBSITE\tms_logicrew\app\Models\MAgen.php(57): CodeIgniter\Database\BaseBuilder->get()
#5 D:\WEBSITE\tms_logicrew\app\Controllers\CListAgen.php(43): App\Models\MAgen->getDatatables()
#6 D:\WEBSITE\tms_logicrew\vendor\codeigniter4\framework\system\CodeIgniter.php(934): App\Controllers\CListAgen->dataAjax()
#7 D:\WEBSITE\tms_logicrew\vendor\codeigniter4\framework\system\CodeIgniter.php(499): CodeIgniter\CodeIgniter->runController(Object(App\Controllers\CListAgen))
#8 D:\WEBSITE\tms_logicrew\vendor\codeigniter4\framework\system\CodeIgniter.php(368): CodeIgniter\CodeIgniter->handleRequest(NULL, Object(Config\Cache), false)
#9 D:\WEBSITE\tms_logicrew\public\index.php(67): CodeIgniter\CodeIgniter->run()
#10 D:\WEBSITE\tms_logicrew\vendor\codeigniter4\framework\system\Commands\Server\rewrite.php(47): require_once('D:\\WEBSITE\\tms_...')
#11 {main}
CRITICAL - 2023-01-30 16:49:57 --> Unknown column 'contact' in 'where clause'
in SYSTEMPATH\Database\BaseConnection.php on line 645.
 1 SYSTEMPATH\Database\BaseBuilder.php(1602): CodeIgniter\Database\BaseConnection->query('SELECT *
FROM `tbl_agen`
WHERE   (
`nama_agen` LIKE :nama_agen: ESCAPE \'!\'
OR  `alamat_agen` LIKE :alamat_agen: ESCAPE \'!\'
OR  `contact` LIKE :contact: ESCAPE \'!\'
OR  `owner_name` LIKE :owner_name: ESCAPE \'!\'
 )
ORDER BY `created_at` DESC
 LIMIT 10', [...], false)
 2 APPPATH\Models\MAgen.php(57): CodeIgniter\Database\BaseBuilder->get()
 3 APPPATH\Controllers\CListAgen.php(43): App\Models\MAgen->getDatatables()
 4 SYSTEMPATH\CodeIgniter.php(934): App\Controllers\CListAgen->dataAjax()
 5 SYSTEMPATH\CodeIgniter.php(499): CodeIgniter\CodeIgniter->runController(Object(App\Controllers\CListAgen))
 6 SYSTEMPATH\CodeIgniter.php(368): CodeIgniter\CodeIgniter->handleRequest(null, Object(Config\Cache), false)
 7 FCPATH\index.php(67): CodeIgniter\CodeIgniter->run()
 8 SYSTEMPATH\Commands\Server\rewrite.php(47): require_once('FCPATH\\index.php')
ERROR - 2023-01-30 16:50:46 --> mysqli_sql_exception: Unknown column 'contact' in 'where clause' in D:\WEBSITE\tms_logicrew\vendor\codeigniter4\framework\system\Database\MySQLi\Connection.php:295
Stack trace:
#0 D:\WEBSITE\tms_logicrew\vendor\codeigniter4\framework\system\Database\MySQLi\Connection.php(295): mysqli->query('SELECT *\nFROM `...', 0)
#1 D:\WEBSITE\tms_logicrew\vendor\codeigniter4\framework\system\Database\BaseConnection.php(691): CodeIgniter\Database\MySQLi\Connection->execute('SELECT *\nFROM `...')
#2 D:\WEBSITE\tms_logicrew\vendor\codeigniter4\framework\system\Database\BaseConnection.php(605): CodeIgniter\Database\BaseConnection->simpleQuery('SELECT *\nFROM `...')
#3 D:\WEBSITE\tms_logicrew\vendor\codeigniter4\framework\system\Database\BaseBuilder.php(1602): CodeIgniter\Database\BaseConnection->query('SELECT *\nFROM `...', Array, false)
#4 D:\WEBSITE\tms_logicrew\app\Models\MAgen.php(57): CodeIgniter\Database\BaseBuilder->get()
#5 D:\WEBSITE\tms_logicrew\app\Controllers\CListAgen.php(43): App\Models\MAgen->getDatatables()
#6 D:\WEBSITE\tms_logicrew\vendor\codeigniter4\framework\system\CodeIgniter.php(934): App\Controllers\CListAgen->dataAjax()
#7 D:\WEBSITE\tms_logicrew\vendor\codeigniter4\framework\system\CodeIgniter.php(499): CodeIgniter\CodeIgniter->runController(Object(App\Controllers\CListAgen))
#8 D:\WEBSITE\tms_logicrew\vendor\codeigniter4\framework\system\CodeIgniter.php(368): CodeIgniter\CodeIgniter->handleRequest(NULL, Object(Config\Cache), false)
#9 D:\WEBSITE\tms_logicrew\public\index.php(67): CodeIgniter\CodeIgniter->run()
#10 D:\WEBSITE\tms_logicrew\vendor\codeigniter4\framework\system\Commands\Server\rewrite.php(47): require_once('D:\\WEBSITE\\tms_...')
#11 {main}
CRITICAL - 2023-01-30 16:50:46 --> Unknown column 'contact' in 'where clause'
in SYSTEMPATH\Database\BaseConnection.php on line 645.
 1 SYSTEMPATH\Database\BaseBuilder.php(1602): CodeIgniter\Database\BaseConnection->query('SELECT *
FROM `tbl_agen`
WHERE   (
`nama_agen` LIKE :nama_agen: ESCAPE \'!\'
OR  `alamat_agen` LIKE :alamat_agen: ESCAPE \'!\'
OR  `contact` LIKE :contact: ESCAPE \'!\'
OR  `owner_name` LIKE :owner_name: ESCAPE \'!\'
 )
ORDER BY `created_at` DESC
 LIMIT 10', [...], false)
 2 APPPATH\Models\MAgen.php(57): CodeIgniter\Database\BaseBuilder->get()
 3 APPPATH\Controllers\CListAgen.php(43): App\Models\MAgen->getDatatables()
 4 SYSTEMPATH\CodeIgniter.php(934): App\Controllers\CListAgen->dataAjax()
 5 SYSTEMPATH\CodeIgniter.php(499): CodeIgniter\CodeIgniter->runController(Object(App\Controllers\CListAgen))
 6 SYSTEMPATH\CodeIgniter.php(368): CodeIgniter\CodeIgniter->handleRequest(null, Object(Config\Cache), false)
 7 FCPATH\index.php(67): CodeIgniter\CodeIgniter->run()
 8 SYSTEMPATH\Commands\Server\rewrite.php(47): require_once('FCPATH\\index.php')
ERROR - 2023-01-30 16:51:19 --> mysqli_sql_exception: Unknown column 'contact' in 'where clause' in D:\WEBSITE\tms_logicrew\vendor\codeigniter4\framework\system\Database\MySQLi\Connection.php:295
Stack trace:
#0 D:\WEBSITE\tms_logicrew\vendor\codeigniter4\framework\system\Database\MySQLi\Connection.php(295): mysqli->query('SELECT *\nFROM `...', 0)
#1 D:\WEBSITE\tms_logicrew\vendor\codeigniter4\framework\system\Database\BaseConnection.php(691): CodeIgniter\Database\MySQLi\Connection->execute('SELECT *\nFROM `...')
#2 D:\WEBSITE\tms_logicrew\vendor\codeigniter4\framework\system\Database\BaseConnection.php(605): CodeIgniter\Database\BaseConnection->simpleQuery('SELECT *\nFROM `...')
#3 D:\WEBSITE\tms_logicrew\vendor\codeigniter4\framework\system\Database\BaseBuilder.php(1602): CodeIgniter\Database\BaseConnection->query('SELECT *\nFROM `...', Array, false)
#4 D:\WEBSITE\tms_logicrew\app\Models\MAgen.php(57): CodeIgniter\Database\BaseBuilder->get()
#5 D:\WEBSITE\tms_logicrew\app\Controllers\CListAgen.php(43): App\Models\MAgen->getDatatables()
#6 D:\WEBSITE\tms_logicrew\vendor\codeigniter4\framework\system\CodeIgniter.php(934): App\Controllers\CListAgen->dataAjax()
#7 D:\WEBSITE\tms_logicrew\vendor\codeigniter4\framework\system\CodeIgniter.php(499): CodeIgniter\CodeIgniter->runController(Object(App\Controllers\CListAgen))
#8 D:\WEBSITE\tms_logicrew\vendor\codeigniter4\framework\system\CodeIgniter.php(368): CodeIgniter\CodeIgniter->handleRequest(NULL, Object(Config\Cache), false)
#9 D:\WEBSITE\tms_logicrew\public\index.php(67): CodeIgniter\CodeIgniter->run()
#10 D:\WEBSITE\tms_logicrew\vendor\codeigniter4\framework\system\Commands\Server\rewrite.php(47): require_once('D:\\WEBSITE\\tms_...')
#11 {main}
CRITICAL - 2023-01-30 16:51:19 --> Unknown column 'contact' in 'where clause'
in SYSTEMPATH\Database\BaseConnection.php on line 645.
 1 SYSTEMPATH\Database\BaseBuilder.php(1602): CodeIgniter\Database\BaseConnection->query('SELECT *
FROM `tbl_agen`
WHERE   (
`nama_agen` LIKE :nama_agen: ESCAPE \'!\'
OR  `alamat_agen` LIKE :alamat_agen: ESCAPE \'!\'
OR  `contact` LIKE :contact: ESCAPE \'!\'
OR  `owner_name` LIKE :owner_name: ESCAPE \'!\'
 )
ORDER BY `created_at` DESC
 LIMIT 10', [...], false)
 2 APPPATH\Models\MAgen.php(57): CodeIgniter\Database\BaseBuilder->get()
 3 APPPATH\Controllers\CListAgen.php(43): App\Models\MAgen->getDatatables()
 4 SYSTEMPATH\CodeIgniter.php(934): App\Controllers\CListAgen->dataAjax()
 5 SYSTEMPATH\CodeIgniter.php(499): CodeIgniter\CodeIgniter->runController(Object(App\Controllers\CListAgen))
 6 SYSTEMPATH\CodeIgniter.php(368): CodeIgniter\CodeIgniter->handleRequest(null, Object(Config\Cache), false)
 7 FCPATH\index.php(67): CodeIgniter\CodeIgniter->run()
 8 SYSTEMPATH\Commands\Server\rewrite.php(47): require_once('FCPATH\\index.php')
ERROR - 2023-01-30 16:51:27 --> mysqli_sql_exception: Unknown column 'contact' in 'where clause' in D:\WEBSITE\tms_logicrew\vendor\codeigniter4\framework\system\Database\MySQLi\Connection.php:295
Stack trace:
#0 D:\WEBSITE\tms_logicrew\vendor\codeigniter4\framework\system\Database\MySQLi\Connection.php(295): mysqli->query('SELECT *\nFROM `...', 0)
#1 D:\WEBSITE\tms_logicrew\vendor\codeigniter4\framework\system\Database\BaseConnection.php(691): CodeIgniter\Database\MySQLi\Connection->execute('SELECT *\nFROM `...')
#2 D:\WEBSITE\tms_logicrew\vendor\codeigniter4\framework\system\Database\BaseConnection.php(605): CodeIgniter\Database\BaseConnection->simpleQuery('SELECT *\nFROM `...')
#3 D:\WEBSITE\tms_logicrew\vendor\codeigniter4\framework\system\Database\BaseBuilder.php(1602): CodeIgniter\Database\BaseConnection->query('SELECT *\nFROM `...', Array, false)
#4 D:\WEBSITE\tms_logicrew\app\Models\MAgen.php(57): CodeIgniter\Database\BaseBuilder->get()
#5 D:\WEBSITE\tms_logicrew\app\Controllers\CListAgen.php(43): App\Models\MAgen->getDatatables()
#6 D:\WEBSITE\tms_logicrew\vendor\codeigniter4\framework\system\CodeIgniter.php(934): App\Controllers\CListAgen->dataAjax()
#7 D:\WEBSITE\tms_logicrew\vendor\codeigniter4\framework\system\CodeIgniter.php(499): CodeIgniter\CodeIgniter->runController(Object(App\Controllers\CListAgen))
#8 D:\WEBSITE\tms_logicrew\vendor\codeigniter4\framework\system\CodeIgniter.php(368): CodeIgniter\CodeIgniter->handleRequest(NULL, Object(Config\Cache), false)
#9 D:\WEBSITE\tms_logicrew\public\index.php(67): CodeIgniter\CodeIgniter->run()
#10 D:\WEBSITE\tms_logicrew\vendor\codeigniter4\framework\system\Commands\Server\rewrite.php(47): require_once('D:\\WEBSITE\\tms_...')
#11 {main}
CRITICAL - 2023-01-30 16:51:27 --> Unknown column 'contact' in 'where clause'
in SYSTEMPATH\Database\BaseConnection.php on line 645.
 1 SYSTEMPATH\Database\BaseBuilder.php(1602): CodeIgniter\Database\BaseConnection->query('SELECT *
FROM `tbl_agen`
WHERE   (
`nama_agen` LIKE :nama_agen: ESCAPE \'!\'
OR  `alamat_agen` LIKE :alamat_agen: ESCAPE \'!\'
OR  `contact` LIKE :contact: ESCAPE \'!\'
OR  `owner_name` LIKE :owner_name: ESCAPE \'!\'
 )
ORDER BY `created_at` DESC
 LIMIT 10', [...], false)
 2 APPPATH\Models\MAgen.php(57): CodeIgniter\Database\BaseBuilder->get()
 3 APPPATH\Controllers\CListAgen.php(43): App\Models\MAgen->getDatatables()
 4 SYSTEMPATH\CodeIgniter.php(934): App\Controllers\CListAgen->dataAjax()
 5 SYSTEMPATH\CodeIgniter.php(499): CodeIgniter\CodeIgniter->runController(Object(App\Controllers\CListAgen))
 6 SYSTEMPATH\CodeIgniter.php(368): CodeIgniter\CodeIgniter->handleRequest(null, Object(Config\Cache), false)
 7 FCPATH\index.php(67): CodeIgniter\CodeIgniter->run()
 8 SYSTEMPATH\Commands\Server\rewrite.php(47): require_once('FCPATH\\index.php')
ERROR - 2023-01-30 16:51:39 --> mysqli_sql_exception: Unknown column 'contact' in 'where clause' in D:\WEBSITE\tms_logicrew\vendor\codeigniter4\framework\system\Database\MySQLi\Connection.php:295
Stack trace:
#0 D:\WEBSITE\tms_logicrew\vendor\codeigniter4\framework\system\Database\MySQLi\Connection.php(295): mysqli->query('SELECT *\nFROM `...', 0)
#1 D:\WEBSITE\tms_logicrew\vendor\codeigniter4\framework\system\Database\BaseConnection.php(691): CodeIgniter\Database\MySQLi\Connection->execute('SELECT *\nFROM `...')
#2 D:\WEBSITE\tms_logicrew\vendor\codeigniter4\framework\system\Database\BaseConnection.php(605): CodeIgniter\Database\BaseConnection->simpleQuery('SELECT *\nFROM `...')
#3 D:\WEBSITE\tms_logicrew\vendor\codeigniter4\framework\system\Database\BaseBuilder.php(1602): CodeIgniter\Database\BaseConnection->query('SELECT *\nFROM `...', Array, false)
#4 D:\WEBSITE\tms_logicrew\app\Models\MAgen.php(57): CodeIgniter\Database\BaseBuilder->get()
#5 D:\WEBSITE\tms_logicrew\app\Controllers\CListAgen.php(43): App\Models\MAgen->getDatatables()
#6 D:\WEBSITE\tms_logicrew\vendor\codeigniter4\framework\system\CodeIgniter.php(934): App\Controllers\CListAgen->dataAjax()
#7 D:\WEBSITE\tms_logicrew\vendor\codeigniter4\framework\system\CodeIgniter.php(499): CodeIgniter\CodeIgniter->runController(Object(App\Controllers\CListAgen))
#8 D:\WEBSITE\tms_logicrew\vendor\codeigniter4\framework\system\CodeIgniter.php(368): CodeIgniter\CodeIgniter->handleRequest(NULL, Object(Config\Cache), false)
#9 D:\WEBSITE\tms_logicrew\public\index.php(67): CodeIgniter\CodeIgniter->run()
#10 D:\WEBSITE\tms_logicrew\vendor\codeigniter4\framework\system\Commands\Server\rewrite.php(47): require_once('D:\\WEBSITE\\tms_...')
#11 {main}
CRITICAL - 2023-01-30 16:51:39 --> Unknown column 'contact' in 'where clause'
in SYSTEMPATH\Database\BaseConnection.php on line 645.
 1 SYSTEMPATH\Database\BaseBuilder.php(1602): CodeIgniter\Database\BaseConnection->query('SELECT *
FROM `tbl_agen`
WHERE   (
`nama_agen` LIKE :nama_agen: ESCAPE \'!\'
OR  `alamat_agen` LIKE :alamat_agen: ESCAPE \'!\'
OR  `contact` LIKE :contact: ESCAPE \'!\'
OR  `owner_name` LIKE :owner_name: ESCAPE \'!\'
 )
ORDER BY `created_at` DESC
 LIMIT 10', [...], false)
 2 APPPATH\Models\MAgen.php(57): CodeIgniter\Database\BaseBuilder->get()
 3 APPPATH\Controllers\CListAgen.php(43): App\Models\MAgen->getDatatables()
 4 SYSTEMPATH\CodeIgniter.php(934): App\Controllers\CListAgen->dataAjax()
 5 SYSTEMPATH\CodeIgniter.php(499): CodeIgniter\CodeIgniter->runController(Object(App\Controllers\CListAgen))
 6 SYSTEMPATH\CodeIgniter.php(368): CodeIgniter\CodeIgniter->handleRequest(null, Object(Config\Cache), false)
 7 FCPATH\index.php(67): CodeIgniter\CodeIgniter->run()
 8 SYSTEMPATH\Commands\Server\rewrite.php(47): require_once('FCPATH\\index.php')
ERROR - 2023-01-30 16:51:42 --> mysqli_sql_exception: Unknown column 'contact' in 'where clause' in D:\WEBSITE\tms_logicrew\vendor\codeigniter4\framework\system\Database\MySQLi\Connection.php:295
Stack trace:
#0 D:\WEBSITE\tms_logicrew\vendor\codeigniter4\framework\system\Database\MySQLi\Connection.php(295): mysqli->query('SELECT *\nFROM `...', 0)
#1 D:\WEBSITE\tms_logicrew\vendor\codeigniter4\framework\system\Database\BaseConnection.php(691): CodeIgniter\Database\MySQLi\Connection->execute('SELECT *\nFROM `...')
#2 D:\WEBSITE\tms_logicrew\vendor\codeigniter4\framework\system\Database\BaseConnection.php(605): CodeIgniter\Database\BaseConnection->simpleQuery('SELECT *\nFROM `...')
#3 D:\WEBSITE\tms_logicrew\vendor\codeigniter4\framework\system\Database\BaseBuilder.php(1602): CodeIgniter\Database\BaseConnection->query('SELECT *\nFROM `...', Array, false)
#4 D:\WEBSITE\tms_logicrew\app\Models\MAgen.php(57): CodeIgniter\Database\BaseBuilder->get()
#5 D:\WEBSITE\tms_logicrew\app\Controllers\CListAgen.php(43): App\Models\MAgen->getDatatables()
#6 D:\WEBSITE\tms_logicrew\vendor\codeigniter4\framework\system\CodeIgniter.php(934): App\Controllers\CListAgen->dataAjax()
#7 D:\WEBSITE\tms_logicrew\vendor\codeigniter4\framework\system\CodeIgniter.php(499): CodeIgniter\CodeIgniter->runController(Object(App\Controllers\CListAgen))
#8 D:\WEBSITE\tms_logicrew\vendor\codeigniter4\framework\system\CodeIgniter.php(368): CodeIgniter\CodeIgniter->handleRequest(NULL, Object(Config\Cache), false)
#9 D:\WEBSITE\tms_logicrew\public\index.php(67): CodeIgniter\CodeIgniter->run()
#10 D:\WEBSITE\tms_logicrew\vendor\codeigniter4\framework\system\Commands\Server\rewrite.php(47): require_once('D:\\WEBSITE\\tms_...')
#11 {main}
CRITICAL - 2023-01-30 16:51:42 --> Unknown column 'contact' in 'where clause'
in SYSTEMPATH\Database\BaseConnection.php on line 645.
 1 SYSTEMPATH\Database\BaseBuilder.php(1602): CodeIgniter\Database\BaseConnection->query('SELECT *
FROM `tbl_agen`
WHERE   (
`nama_agen` LIKE :nama_agen: ESCAPE \'!\'
OR  `alamat_agen` LIKE :alamat_agen: ESCAPE \'!\'
OR  `contact` LIKE :contact: ESCAPE \'!\'
OR  `owner_name` LIKE :owner_name: ESCAPE \'!\'
 )
ORDER BY `created_at` DESC
 LIMIT 10', [...], false)
 2 APPPATH\Models\MAgen.php(57): CodeIgniter\Database\BaseBuilder->get()
 3 APPPATH\Controllers\CListAgen.php(43): App\Models\MAgen->getDatatables()
 4 SYSTEMPATH\CodeIgniter.php(934): App\Controllers\CListAgen->dataAjax()
 5 SYSTEMPATH\CodeIgniter.php(499): CodeIgniter\CodeIgniter->runController(Object(App\Controllers\CListAgen))
 6 SYSTEMPATH\CodeIgniter.php(368): CodeIgniter\CodeIgniter->handleRequest(null, Object(Config\Cache), false)
 7 FCPATH\index.php(67): CodeIgniter\CodeIgniter->run()
 8 SYSTEMPATH\Commands\Server\rewrite.php(47): require_once('FCPATH\\index.php')
