CRITICAL - 2023-01-28 11:45:30 --> Undefined variable $idBasket
in APPPATH\Views\warehouse\tambahWhModal.php on line 14.
 1 APPPATH\Views\warehouse\tambahWhModal.php(14): CodeIgniter\Debug\Exceptions->errorHandler(2, 'Undefined variable $idBasket', 'APPPATH\\Views\\warehouse\\tambahWhModal.php', 14)
 2 SYSTEMPATH\View\View.php(213): include('APPPATH\\Views\\warehouse\\tambahWhModal.php')
 3 SYSTEMPATH\View\View.php(216): CodeIgniter\View\View->CodeIgniter\View\{closure}()
 4 SYSTEMPATH\Common.php(1177): CodeIgniter\View\View->render('warehouse/tambahWhModal', [], true)
 5 APPPATH\Controllers\CWarehouseList.php(22): view('warehouse/tambahWhModal')
 6 SYSTEMPATH\CodeIgniter.php(934): App\Controllers\CWarehouseList->modalTambah()
 7 SYSTEMPATH\CodeIgniter.php(499): CodeIgniter\CodeIgniter->runController(Object(App\Controllers\CWarehouseList))
 8 SYSTEMPATH\CodeIgniter.php(368): CodeIgniter\CodeIgniter->handleRequest(null, Object(Config\Cache), false)
 9 FCPATH\index.php(67): CodeIgniter\CodeIgniter->run()
10 SYSTEMPATH\Commands\Server\rewrite.php(47): require_once('FCPATH\\index.php')
CRITICAL - 2023-01-28 11:45:47 --> Undefined variable $idBasket
in APPPATH\Views\warehouse\tambahWhModal.php on line 14.
 1 APPPATH\Views\warehouse\tambahWhModal.php(14): CodeIgniter\Debug\Exceptions->errorHandler(2, 'Undefined variable $idBasket', 'APPPATH\\Views\\warehouse\\tambahWhModal.php', 14)
 2 SYSTEMPATH\View\View.php(213): include('APPPATH\\Views\\warehouse\\tambahWhModal.php')
 3 SYSTEMPATH\View\View.php(216): CodeIgniter\View\View->CodeIgniter\View\{closure}()
 4 SYSTEMPATH\Common.php(1177): CodeIgniter\View\View->render('warehouse/tambahWhModal', [], true)
 5 APPPATH\Controllers\CWarehouseList.php(22): view('warehouse/tambahWhModal')
 6 SYSTEMPATH\CodeIgniter.php(934): App\Controllers\CWarehouseList->modalTambah()
 7 SYSTEMPATH\CodeIgniter.php(499): CodeIgniter\CodeIgniter->runController(Object(App\Controllers\CWarehouseList))
 8 SYSTEMPATH\CodeIgniter.php(368): CodeIgniter\CodeIgniter->handleRequest(null, Object(Config\Cache), false)
 9 FCPATH\index.php(67): CodeIgniter\CodeIgniter->run()
10 SYSTEMPATH\Commands\Server\rewrite.php(47): require_once('FCPATH\\index.php')
CRITICAL - 2023-01-28 11:46:36 --> Undefined variable $idBasket
in APPPATH\Views\warehouse\tambahWhModal.php on line 14.
 1 APPPATH\Views\warehouse\tambahWhModal.php(14): CodeIgniter\Debug\Exceptions->errorHandler(2, 'Undefined variable $idBasket', 'APPPATH\\Views\\warehouse\\tambahWhModal.php', 14)
 2 SYSTEMPATH\View\View.php(213): include('APPPATH\\Views\\warehouse\\tambahWhModal.php')
 3 SYSTEMPATH\View\View.php(216): CodeIgniter\View\View->CodeIgniter\View\{closure}()
 4 SYSTEMPATH\Common.php(1177): CodeIgniter\View\View->render('warehouse/tambahWhModal', [], true)
 5 APPPATH\Controllers\CWarehouseList.php(22): view('warehouse/tambahWhModal')
 6 SYSTEMPATH\CodeIgniter.php(934): App\Controllers\CWarehouseList->modalTambah()
 7 SYSTEMPATH\CodeIgniter.php(499): CodeIgniter\CodeIgniter->runController(Object(App\Controllers\CWarehouseList))
 8 SYSTEMPATH\CodeIgniter.php(368): CodeIgniter\CodeIgniter->handleRequest(null, Object(Config\Cache), false)
 9 FCPATH\index.php(67): CodeIgniter\CodeIgniter->run()
10 SYSTEMPATH\Commands\Server\rewrite.php(47): require_once('FCPATH\\index.php')
